Log file open, 01/27/18 17:13:11
LogWindows: Failed to load 'aqProf.dll' (GetLastError=126)
LogWindows: File 'aqProf.dll' does not exist
LogWindows: Failed to load 'VtuneApi.dll' (GetLastError=126)
LogWindows: File 'VtuneApi.dll' does not exist
LogWindows: Failed to load 'VtuneApi32e.dll' (GetLastError=126)
LogWindows: File 'VtuneApi32e.dll' does not exist
LogInit: Display: Running engine for game: GGJGame
LogPlatformFile: Not using cached read wrapper
LogInit: Display: RandInit(-1885342418) SRandInit(-1885342418).
LogInit: Read version file with build ID '3709383'
LogInit: Overriding engine version to CL 3832480, compatible CL 3709383
LogInit: Registered custom module enumerator with build ID '3709383'
LogTaskGraph: Started task graph with 5 named threads and 14 total threads with 3 sets of task threads.
LogStats: Stats thread started at 0.176916
LogD3D11RHI: Aftermath initialized
LogModuleManager: Display: Found up-to-date module file ../../../Engine/Plugins/2D/Paper2D/Binaries/Win64/UE4Editor-Paper2D.dll (API version 3709383).
LogModuleManager: Display: Found up-to-date module file ../../../Engine/Plugins/2D/Paper2D/Binaries/Win64/UE4Editor-Paper2DEditor.dll (API version 3709383).
LogModuleManager: Display: Found up-to-date module file ../../../Engine/Plugins/2D/Paper2D/Binaries/Win64/UE4Editor-PaperSpriteSheetImporter.dll (API version 3709383).
LogModuleManager: Display: Found up-to-date module file ../../../Engine/Plugins/2D/Paper2D/Binaries/Win64/UE4Editor-PaperTiledImporter.dll (API version 3709383).
LogModuleManager: Display: Found up-to-date module file ../../../Engine/Plugins/2D/Paper2D/Binaries/Win64/UE4Editor-SmartSnapping.dll (API version 3709383).
LogModuleManager: Display: Found up-to-date module file ../../../Engine/Plugins/Blendables/LightPropagationVolume/Binaries/Win64/UE4Editor-LightPropagationVolumeRuntime.dll (API version 3709383).
LogModuleManager: Display: Found up-to-date module file ../../../Engine/Plugins/Blendables/LightPropagationVolume/Binaries/Win64/UE4Editor-LightPropagationVolumeEditor.dll (API version 3709383).
LogModuleManager: Display: Found up-to-date module file ../../../Engine/Plugins/Developer/GitSourceControl/Binaries/Win64/UE4Editor-GitSourceControl.dll (API version 3709383).
LogModuleManager: Display: Found up-to-date module file ../../../Engine/Plugins/Developer/PerforceSourceControl/Binaries/Win64/UE4Editor-PerforceSourceControl.dll (API version 3709383).
LogModuleManager: Display: Found up-to-date module file ../../../Engine/Plugins/Developer/SubversionSourceControl/Binaries/Win64/UE4Editor-SubversionSourceControl.dll (API version 3709383).
LogModuleManager: Display: Found up-to-date module file ../../../Engine/Plugins/Developer/UObjectPlugin/Binaries/Win64/UE4Editor-UObjectPlugin.dll (API version 3709383).
LogModuleManager: Display: Found up-to-date module file ../../../Engine/Plugins/Developer/VisualStudioCodeSourceCodeAccess/Binaries/Win64/UE4Editor-VisualStudioCodeSourceCodeAccess.dll (API version 3709383).
LogModuleManager: Display: Found up-to-date module file ../../../Engine/Plugins/Developer/VisualStudioSourceCodeAccess/Binaries/Win64/UE4Editor-VisualStudioSourceCodeAccess.dll (API version 3709383).
LogModuleManager: Display: Found up-to-date module file ../../../Engine/Plugins/Editor/AssetManagerEditor/Binaries/Win64/UE4Editor-AssetManagerEditor.dll (API version 3709383).
LogModuleManager: Display: Found up-to-date module file ../../../Engine/Plugins/Editor/AudioCapture/Binaries/Win64/UE4Editor-AudioCapture.dll (API version 3709383).
LogModuleManager: Display: Found up-to-date module file ../../../Engine/Plugins/Editor/FacialAnimation/Binaries/Win64/UE4Editor-FacialAnimation.dll (API version 3709383).
LogModuleManager: Display: Found up-to-date module file ../../../Engine/Plugins/Editor/FacialAnimation/Binaries/Win64/UE4Editor-FacialAnimationEditor.dll (API version 3709383).
LogModuleManager: Display: Found up-to-date module file ../../../Engine/Plugins/Editor/GameplayTagsEditor/Binaries/Win64/UE4Editor-GameplayTagsEditor.dll (API version 3709383).
LogModuleManager: Display: Found up-to-date module file ../../../Engine/Plugins/Editor/MobileLauncherProfileWizard/Binaries/Win64/UE4Editor-MobileLauncherProfileWizard.dll (API version 3709383).
LogModuleManager: Display: Found up-to-date module file ../../../Engine/Plugins/Editor/PluginBrowser/Binaries/Win64/UE4Editor-PluginBrowser.dll (API version 3709383).
LogModuleManager: Display: Found up-to-date module file ../../../Engine/Plugins/Editor/SpeedTreeImporter/Binaries/Win64/UE4Editor-SpeedTreeImporter.dll (API version 3709383).
LogModuleManager: Display: Found up-to-date module file ../../../Engine/Plugins/Experimental/AlembicImporter/Binaries/Win64/UE4Editor-AlembicImporter.dll (API version 3709383).
LogModuleManager: Display: Found up-to-date module file ../../../Engine/Plugins/Experimental/AlembicImporter/Binaries/Win64/UE4Editor-AlembicLibrary.dll (API version 3709383).
LogModuleManager: Display: Found up-to-date module file ../../../Engine/Plugins/Experimental/CharacterAI/Binaries/Win64/UE4Editor-CharacterAI.dll (API version 3709383).
LogModuleManager: Display: Found up-to-date module file ../../../Engine/Plugins/Experimental/HTML5Networking/Binaries/Win64/UE4Editor-HTML5Networking.dll (API version 3709383).
LogModuleManager: Display: Found up-to-date module file ../../../Engine/Plugins/Media/AndroidMedia/Binaries/Win64/UE4Editor-AndroidMediaEditor.dll (API version 3709383).
LogModuleManager: Display: Found up-to-date module file ../../../Engine/Plugins/Media/AndroidMedia/Binaries/Win64/UE4Editor-AndroidMediaFactory.dll (API version 3709383).
LogModuleManager: Display: Found up-to-date module file ../../../Engine/Plugins/Media/AvfMedia/Binaries/Win64/UE4Editor-AvfMediaEditor.dll (API version 3709383).
LogModuleManager: Display: Found up-to-date module file ../../../Engine/Plugins/Media/AvfMedia/Binaries/Win64/UE4Editor-AvfMediaFactory.dll (API version 3709383).
LogModuleManager: Display: Found up-to-date module file ../../../Engine/Plugins/Media/AvfMedia/Binaries/Win64/UE4Editor-AvfMediaFactory.dll (API version 3709383).
LogModuleManager: Display: Found up-to-date module file ../../../Engine/Plugins/Media/ImgMedia/Binaries/Win64/UE4Editor-ImgMedia.dll (API version 3709383).
LogModuleManager: Display: Found up-to-date module file ../../../Engine/Plugins/Media/ImgMedia/Binaries/Win64/UE4Editor-ImgMediaEditor.dll (API version 3709383).
LogModuleManager: Display: Found up-to-date module file ../../../Engine/Plugins/Media/ImgMedia/Binaries/Win64/UE4Editor-ImgMediaFactory.dll (API version 3709383).
LogModuleManager: Display: Found up-to-date module file ../../../Engine/Plugins/Media/ImgMedia/Binaries/Win64/UE4Editor-ImgMediaFactory.dll (API version 3709383).
LogModuleManager: Display: Found up-to-date module file ../../../Engine/Plugins/Media/ImgMedia/Binaries/Win64/UE4Editor-OpenExrWrapper.dll (API version 3709383).
LogModuleManager: Display: Found up-to-date module file ../../../Engine/Plugins/Media/MediaCompositing/Binaries/Win64/UE4Editor-MediaCompositing.dll (API version 3709383).
LogModuleManager: Display: Found up-to-date module file ../../../Engine/Plugins/Media/MediaCompositing/Binaries/Win64/UE4Editor-MediaCompositingEditor.dll (API version 3709383).
LogModuleManager: Display: Found up-to-date module file ../../../Engine/Plugins/Media/MediaPlayerEditor/Binaries/Win64/UE4Editor-MediaPlayerEditor.dll (API version 3709383).
LogModuleManager: Display: Found up-to-date module file ../../../Engine/Plugins/Media/WmfMedia/Binaries/Win64/UE4Editor-WmfMedia.dll (API version 3709383).
LogModuleManager: Display: Found up-to-date module file ../../../Engine/Plugins/Media/WmfMedia/Binaries/Win64/UE4Editor-WmfMediaEditor.dll (API version 3709383).
LogModuleManager: Display: Found up-to-date module file ../../../Engine/Plugins/Media/WmfMedia/Binaries/Win64/UE4Editor-WmfMediaFactory.dll (API version 3709383).
LogModuleManager: Display: Found up-to-date module file ../../../Engine/Plugins/Media/WmfMedia/Binaries/Win64/UE4Editor-WmfMediaFactory.dll (API version 3709383).
LogModuleManager: Display: Found up-to-date module file ../../../Engine/Plugins/Messaging/TcpMessaging/Binaries/Win64/UE4Editor-TcpMessaging.dll (API version 3709383).
LogModuleManager: Display: Found up-to-date module file ../../../Engine/Plugins/Messaging/UdpMessaging/Binaries/Win64/UE4Editor-UdpMessaging.dll (API version 3709383).
LogModuleManager: Display: Found up-to-date module file ../../../Engine/Plugins/MovieScene/ActorSequence/Binaries/Win64/UE4Editor-ActorSequence.dll (API version 3709383).
LogModuleManager: Display: Found up-to-date module file ../../../Engine/Plugins/MovieScene/LevelSequenceEditor/Binaries/Win64/UE4Editor-LevelSequenceEditor.dll (API version 3709383).
LogModuleManager: Display: Found up-to-date module file ../../../Engine/Plugins/MovieScene/MatineeToLevelSequence/Binaries/Win64/UE4Editor-MatineeToLevelSequence.dll (API version 3709383).
LogModuleManager: Display: Found up-to-date module file ../../../Engine/Plugins/Online/OnlineSubsystem/Binaries/Win64/UE4Editor-OnlineSubsystem.dll (API version 3709383).
LogModuleManager: Display: Found up-to-date module file ../../../Engine/Plugins/Runtime/AndroidPermission/Binaries/Win64/UE4Editor-AndroidPermission.dll (API version 3709383).
LogModuleManager: Display: Found up-to-date module file ../../../Engine/Plugins/Online/OnlineSubsystemNull/Binaries/Win64/UE4Editor-OnlineSubsystemNull.dll (API version 3709383).
LogModuleManager: Display: Found up-to-date module file ../../../Engine/Plugins/Online/OnlineSubsystemUtils/Binaries/Win64/UE4Editor-OnlineSubsystemUtils.dll (API version 3709383).
LogModuleManager: Display: Found up-to-date module file ../../../Engine/Plugins/Online/OnlineSubsystemUtils/Binaries/Win64/UE4Editor-OnlineBlueprintSupport.dll (API version 3709383).
LogModuleManager: Display: Found up-to-date module file ../../../Engine/Plugins/Runtime/AndroidDeviceProfileSelector/Binaries/Win64/UE4Editor-AndroidDeviceProfileSelector.dll (API version 3709383).
LogModuleManager: Display: Found up-to-date module file ../../../Engine/Plugins/Runtime/AppleARKit/Binaries/Win64/UE4Editor-AppleARKit.dll (API version 3709383).
LogModuleManager: Display: Found up-to-date module file ../../../Engine/Plugins/Runtime/ArchVisCharacter/Binaries/Win64/UE4Editor-ArchVisCharacter.dll (API version 3709383).
LogModuleManager: Display: Found up-to-date module file ../../../Engine/Plugins/Runtime/CableComponent/Binaries/Win64/UE4Editor-CableComponent.dll (API version 3709383).
LogModuleManager: Display: Found up-to-date module file ../../../Engine/Plugins/Runtime/CustomMeshComponent/Binaries/Win64/UE4Editor-CustomMeshComponent.dll (API version 3709383).
LogModuleManager: Display: Found up-to-date module file ../../../Engine/Plugins/Runtime/ExampleDeviceProfileSelector/Binaries/Win64/UE4Editor-ExampleDeviceProfileSelector.dll (API version 3709383).
LogModuleManager: Display: Found up-to-date module file ../../../Engine/Plugins/Runtime/ImmediatePhysics/Binaries/Win64/UE4Editor-ImmediatePhysics.dll (API version 3709383).
LogModuleManager: Display: Found up-to-date module file ../../../Engine/Plugins/Runtime/ImmediatePhysics/Binaries/Win64/UE4Editor-ImmediatePhysicsEditor.dll (API version 3709383).
LogModuleManager: Display: Found up-to-date module file ../../../Engine/Plugins/Runtime/LocationServicesBPLibrary/Binaries/Win64/UE4Editor-LocationServicesBPLibrary.dll (API version 3709383).
LogModuleManager: Display: Found up-to-date module file ../../../Engine/Plugins/Runtime/MobilePatchingUtils/Binaries/Win64/UE4Editor-MobilePatchingUtils.dll (API version 3709383).
LogModuleManager: Display: Found up-to-date module file ../../../Engine/Plugins/Runtime/Oculus/OculusVR/Binaries/Win64/UE4Editor-OculusHMD.dll (API version 3709383).
LogModuleManager: Display: Found up-to-date module file ../../../Engine/Plugins/Runtime/Oculus/OculusVR/Binaries/Win64/UE4Editor-OculusInput.dll (API version 3709383).
LogModuleManager: Display: Found up-to-date module file ../../../Engine/Plugins/Runtime/Oculus/OculusVR/Binaries/Win64/UE4Editor-OculusEditor.dll (API version 3709383).
LogModuleManager: Display: Found up-to-date module file ../../../Engine/Plugins/Runtime/PhysXVehicles/Binaries/Win64/UE4Editor-PhysXVehicles.dll (API version 3709383).
LogModuleManager: Display: Found up-to-date module file ../../../Engine/Plugins/Runtime/PhysXVehicles/Binaries/Win64/UE4Editor-PhysXVehiclesEditor.dll (API version 3709383).
LogModuleManager: Display: Found up-to-date module file ../../../Engine/Plugins/Runtime/ProceduralMeshComponent/Binaries/Win64/UE4Editor-ProceduralMeshComponent.dll (API version 3709383).
LogModuleManager: Display: Found up-to-date module file ../../../Engine/Plugins/Runtime/ProceduralMeshComponent/Binaries/Win64/UE4Editor-ProceduralMeshComponentEditor.dll (API version 3709383).
LogModuleManager: Display: Found up-to-date module file ../../../Engine/Plugins/Runtime/RuntimePhysXCooking/Binaries/Win64/UE4Editor-RuntimePhysXCooking.dll (API version 3709383).
LogModuleManager: Display: Found up-to-date module file ../../../Engine/Plugins/Runtime/Steam/SteamVR/Binaries/Win64/UE4Editor-SteamVR.dll (API version 3709383).
LogModuleManager: Display: Found up-to-date module file ../../../Engine/Plugins/Runtime/Steam/SteamVR/Binaries/Win64/UE4Editor-SteamVRController.dll (API version 3709383).
LogModuleManager: Display: Found up-to-date module file ../../../Engine/Plugins/Runtime/WindowsMoviePlayer/Binaries/Win64/UE4Editor-WindowsMoviePlayer.dll (API version 3709383).
LogPluginManager: Mounting plugin Paper2D
LogPluginManager: Mounting plugin LightPropagationVolume
LogPluginManager: Mounting plugin CodeLiteSourceCodeAccess
LogPluginManager: Mounting plugin GitSourceControl
LogPluginManager: Mounting plugin KDevelopSourceCodeAccess
LogPluginManager: Mounting plugin NullSourceCodeAccess
LogPluginManager: Mounting plugin PerforceSourceControl
LogPluginManager: Mounting plugin SubversionSourceControl
LogPluginManager: Mounting plugin UObjectPlugin
LogPluginManager: Mounting plugin VisualStudioCodeSourceCodeAccess
LogPluginManager: Mounting plugin VisualStudioSourceCodeAccess
LogPluginManager: Mounting plugin XCodeSourceCodeAccess
LogPluginManager: Mounting plugin AssetManagerEditor
LogPluginManager: Mounting plugin AudioCapture
LogPluginManager: Mounting plugin FacialAnimation
LogPluginManager: Mounting plugin GameplayTagsEditor
LogPluginManager: Mounting plugin MobileLauncherProfileWizard
LogPluginManager: Mounting plugin PluginBrowser
LogPluginManager: Mounting plugin SpeedTreeImporter
LogPluginManager: Mounting plugin AlembicImporter
LogPluginManager: Mounting plugin CharacterAI
LogPluginManager: Mounting plugin HTML5Networking
LogPluginManager: Mounting plugin AndroidMedia
LogPluginManager: Mounting plugin AvfMedia
LogPluginManager: Mounting plugin ImgMedia
LogPluginManager: Mounting plugin MediaCompositing
LogPluginManager: Mounting plugin MediaPlayerEditor
LogPluginManager: Mounting plugin WmfMedia
LogPluginManager: Mounting plugin TcpMessaging
LogPluginManager: Mounting plugin UdpMessaging
LogPluginManager: Mounting plugin ActorSequence
LogPluginManager: Mounting plugin LevelSequenceEditor
LogPluginManager: Mounting plugin MatineeToLevelSequence
LogPluginManager: Mounting plugin OnlineSubsystemGooglePlay
LogPluginManager: Mounting plugin OnlineSubsystemIOS
LogPluginManager: Mounting plugin OnlineSubsystem
LogPluginManager: Mounting plugin OnlineSubsystemNull
LogPluginManager: Mounting plugin OnlineSubsystemUtils
LogPluginManager: Mounting plugin AndroidDeviceProfileSelector
LogPluginManager: Mounting plugin AndroidMoviePlayer
LogPluginManager: Mounting plugin AndroidPermission
LogPluginManager: Mounting plugin AppleARKit
LogPluginManager: Mounting plugin AppleMoviePlayer
LogPluginManager: Mounting plugin ArchVisCharacter
LogPluginManager: Mounting plugin CableComponent
LogPluginManager: Mounting plugin CustomMeshComponent
LogPluginManager: Mounting plugin ExampleDeviceProfileSelector
LogPluginManager: Mounting plugin GoogleCloudMessaging
LogPluginManager: Mounting plugin ImmediatePhysics
LogPluginManager: Mounting plugin IOSDeviceProfileSelector
LogPluginManager: Mounting plugin LinuxDeviceProfileSelector
LogPluginManager: Mounting plugin LocationServicesBPLibrary
LogPluginManager: Mounting plugin MobilePatchingUtils
LogPluginManager: Mounting plugin OculusVR
LogPluginManager: Plugin shader directory ../../../Engine/Plugins/Runtime/Oculus/OculusVR/Shaders found
LogPluginManager: Mapping shader source directory ../../../Engine/Plugins/Runtime/Oculus/OculusVR/Shaders to virtual directory /Plugin/OculusVR
LogPluginManager: Mounting plugin PhysXVehicles
LogPluginManager: Mounting plugin ProceduralMeshComponent
LogPluginManager: Mounting plugin RuntimePhysXCooking
LogPluginManager: Mounting plugin SteamVR
LogPluginManager: Mounting plugin WindowsMoviePlayer
LogInit: Using libcurl 7.47.1
LogInit:  - built for x86_64-pc-win32
LogInit:  - supports SSL with OpenSSL/1.0.2g
LogInit:  - supports HTTP deflate (compression) using libz 1.2.8
LogInit:  - other features:
LogInit:      CURL_VERSION_SSL
LogInit:      CURL_VERSION_LIBZ
LogInit:      CURL_VERSION_IPV6
LogInit:      CURL_VERSION_ASYNCHDNS
LogInit:      CURL_VERSION_LARGEFILE
LogInit:      CURL_VERSION_IDN
LogInit:  CurlRequestOptions (configurable via config and command line):
LogInit:  - bVerifyPeer = false  - Libcurl will NOT verify peer certificate
LogInit:  - bUseHttpProxy = false  - Libcurl will NOT use HTTP proxy
LogInit:  - bDontReuseConnections = false  - Libcurl will reuse connections
LogInit:  - CertBundlePath = nullptr  - Libcurl will use whatever was configured at build time.
LogHMD: Failed initializing OVRPlugin 1.19.0
LogInit: Build: ++UE4+Release-4.18-CL-3832480
LogInit: Engine Version: 4.18.3-3832480+++UE4+Release-4.18
LogInit: Compatible Engine Version: 4.18.0-3709383+++UE4+Release-4.18
LogInit: Net CL: 3709383
LogDevObjectVersion: Number of dev versions registered: 16
LogDevObjectVersion:   Dev-Blueprints (B0D832E4-1F89-4F0D-ACCF-7EB736FD4AA2): 10
LogDevObjectVersion:   Dev-Build (E1C64328-A22C-4D53-A36C-8E866417BD8C): 0
LogDevObjectVersion:   Dev-Core (375EC13C-06E4-48FB-B500-84F0262A717E): 2
LogDevObjectVersion:   Dev-Editor (E4B068ED-F494-42E9-A231-DA0B2E46BB41): 20
LogDevObjectVersion:   Dev-Framework (CFFC743F-43B0-4480-9391-14DF171D2073): 30
LogDevObjectVersion:   Dev-Mobile (B02B49B5-BB20-44E9-A304-32B752E40360): 0
LogDevObjectVersion:   Dev-Networking (A4E4105C-59A1-49B5-A7C5-40C4547EDFEE): 0
LogDevObjectVersion:   Dev-Online (39C831C9-5AE6-47DC-9A44-9C173E1C8E7C): 0
LogDevObjectVersion:   Dev-Physics (78F01B33-EBEA-4F98-B9B4-84EACCB95AA2): 0
LogDevObjectVersion:   Dev-Platform (6631380F-2D4D-43E0-8009-CF276956A95A): 0
LogDevObjectVersion:   Dev-Rendering (12F88B9F-8875-4AFC-A67C-D90C383ABD29): 20
LogDevObjectVersion:   Dev-Sequencer (7B5AE74C-D270-4C10-A958-57980B212A5A): 4
LogDevObjectVersion:   Dev-VR (D7296918-1DD6-4BDD-9DE2-64A83CC13884): 0
LogDevObjectVersion:   Dev-LoadTimes (C2A15278-BFE7-4AFE-6C17-90FF531DF755): 1
LogDevObjectVersion:   Private-Geometry (6EACA3D4-40EC-4CC1-B786-8BED09428FC5): 1
LogDevObjectVersion:   Dev-AnimPhys (29E575DD-E0A3-4627-9D10-D276232CDCEA): 12
LogInit: Compiled (64-bit): Jan 12 2018 02:04:55
LogInit: Compiled with Visual C++: 19.00.24215.01
LogInit: Build Configuration: Development
LogInit: Branch Name: ++UE4+Release-4.18
LogInit: Command line:  
LogInit: Base directory: C:/Program Files/Epic Games/UE_4.18/Engine/Binaries/Win64/
LogInit: Installed Engine Build: 1
LogInit: Presizing for max 8388607 objects, including 0 objects not considered by GC, pre-allocating 0 bytes for permanent pool.
LogInit: Object subsystem initialized
[2018.01.28-01.13.13:855][  0]LogInit: Selected Device Profile: [Windows]
[2018.01.28-01.13.13:855][  0]LogInit: Applying CVar settings loaded from the selected device profile: [Windows]
[2018.01.28-01.13.13:867][  0]LogInit: Computer: GD226
[2018.01.28-01.13.13:867][  0]LogInit: User: gd48juan
[2018.01.28-01.13.13:867][  0]LogInit: CPU Page size=4096, Cores=4
[2018.01.28-01.13.13:867][  0]LogInit: High frequency timer resolution =3.410117 MHz
[2018.01.28-01.13.13:867][  0]LogMemory: Memory total: Physical=31.9GB (32GB approx)
[2018.01.28-01.13.13:867][  0]LogMemory: Platform Memory Stats for Windows
[2018.01.28-01.13.13:867][  0]LogMemory: Process Physical Memory: 280.38 MB used, 280.38 MB peak
[2018.01.28-01.13.13:867][  0]LogMemory: Process Virtual Memory: 273.21 MB used, 273.21 MB peak
[2018.01.28-01.13.13:867][  0]LogMemory: Physical Memory: 11313.67 MB used,  21370.63 MB free, 32684.30 MB total
[2018.01.28-01.13.13:867][  0]LogMemory: Virtual Memory: 674.09 MB used,  21370.63 MB free, 8388608.00 MB total
[2018.01.28-01.13.14:017][  0]LogInit: Using OS detected language (en-CA).
[2018.01.28-01.13.14:017][  0]LogInit: Using OS detected locale (en-CA).
[2018.01.28-01.13.14:020][  0]LogTextLocalizationManager: No specific localization for 'en-CA' exists, so the 'en' localization will be used.
[2018.01.28-01.13.14:409][  0]LogWindows: Failed to load 'shcore.dll' (GetLastError=126)
[2018.01.28-01.13.14:409][  0]LogWindows: File 'shcore.dll' does not exist
[2018.01.28-01.13.14:409][  0]LogInit: Setting process to DPI aware
[2018.01.28-01.13.14:411][  0]LogWindows: Failed to load 'shcore.dll' (GetLastError=126)
[2018.01.28-01.13.14:411][  0]LogWindows: File 'shcore.dll' does not exist
[2018.01.28-01.13.14:411][  0]LogInit: Setting process to DPI aware
[2018.01.28-01.13.14:655][  0]LogD3D11RHI: D3D11 adapters:
[2018.01.28-01.13.14:674][  0]LogD3D11RHI:    0. 'NVIDIA Quadro P4000' (Feature Level 11_0)
[2018.01.28-01.13.14:674][  0]LogD3D11RHI:       8070/0/16086 MB DedicatedVideo/DedicatedSystem/SharedSystem, Outputs:1, VendorId:0x10de
[2018.01.28-01.13.14:674][  0]LogD3D11RHI: Chosen D3D11 Adapter: 0
[2018.01.28-01.13.14:680][  0]LogD3D11RHI: Creating new Direct3DDevice
[2018.01.28-01.13.14:680][  0]LogD3D11RHI:     GPU DeviceId: 0x1bb1 (for the marketing name, search the web for "GPU Device Id")
[2018.01.28-01.13.14:680][  0]LogWindows: EnumDisplayDevices:
[2018.01.28-01.13.14:680][  0]LogWindows:    0. 'NVIDIA Quadro P4000' (P:1 D:1)
[2018.01.28-01.13.14:680][  0]LogWindows:    1. 'NVIDIA Quadro P4000' (P:0 D:0)
[2018.01.28-01.13.14:680][  0]LogWindows:    2. 'NVIDIA Quadro P4000' (P:0 D:0)
[2018.01.28-01.13.14:681][  0]LogWindows:    3. 'NVIDIA Quadro P4000' (P:0 D:0)
[2018.01.28-01.13.14:681][  0]LogWindows:    4. 'RDPDD Chained DD' (P:0 D:0)
[2018.01.28-01.13.14:681][  0]LogWindows:    5. 'RDP Encoder Mirror Driver' (P:0 D:0)
[2018.01.28-01.13.14:681][  0]LogWindows:    6. 'RDP Reflector Display Driver' (P:0 D:0)
[2018.01.28-01.13.14:681][  0]LogWindows:    7. 'DameWare Development Mirror Driver 64-bit' (P:0 D:0)
[2018.01.28-01.13.14:681][  0]LogWindows: DebugString: GetVideoDriverDetailsInvalid PrimaryIsNotTheChoosenAdapter GetVideoDriverDetailsInvalid PrimaryIsNotTheChoosenAdapter GetVideoDriverDetailsInvalid PrimaryIsNotTheChoosenAdapter GetVideoDriverDetailsInvalid PrimaryIsNotTheChoosenAdapter FoundDriverCount:4 
[2018.01.28-01.13.14:681][  0]LogD3D11RHI:     Adapter Name: NVIDIA Quadro P4000
[2018.01.28-01.13.14:681][  0]LogD3D11RHI:   Driver Version: 385.90 (internal:22.21.13.8590, unified:385.90)
[2018.01.28-01.13.14:681][  0]LogD3D11RHI:      Driver Date: 10-30-2017
[2018.01.28-01.13.14:681][  0]LogRHI: Texture pool is 5649 MB (70% of 8070 MB)
[2018.01.28-01.13.14:692][  0]LogD3D11RHI: Async texture creation enabled
[2018.01.28-01.13.14:707][  0]LogD3D11RHI: GPU Timing Frequency: 1000.000000 (Debug: 2 2)
[2018.01.28-01.13.14:709][  0]LogShaderCompilers: Guid format shader working directory is -17 characters bigger than the processId version (../../../../../../Users/gd48juan/Documents/GitHub/StandBy/GGJGame/Intermediate/Shaders/WorkingDirectory/14012/).
[2018.01.28-01.13.14:709][  0]LogShaderCompilers: Cleaned the shader compiler working directory 'C:/Users/gd48juan/AppData/Local/Temp/UnrealShaderWorkingDir/E66E8E9F46F9A803EC3AB58F7A4CAEAE/'.
[2018.01.28-01.13.14:709][  0]LogShaderCompilers: Display: Using Local Shader Compiler.
[2018.01.28-01.13.15:716][  0]LogTemp: Display: Loaded TP AllDesktopTargetPlatform
[2018.01.28-01.13.15:772][  0]LogTemp: Display: Loaded TP MacClientTargetPlatform
[2018.01.28-01.13.15:826][  0]LogTemp: Display: Loaded TP MacNoEditorTargetPlatform
[2018.01.28-01.13.15:878][  0]LogTemp: Display: Loaded TP MacServerTargetPlatform
[2018.01.28-01.13.15:933][  0]LogTemp: Display: Loaded TP MacTargetPlatform
[2018.01.28-01.13.15:986][  0]LogTemp: Display: Loaded TP WindowsClientTargetPlatform
[2018.01.28-01.13.16:045][  0]LogTemp: Display: Loaded TP WindowsNoEditorTargetPlatform
[2018.01.28-01.13.16:108][  0]LogTemp: Display: Loaded TP WindowsServerTargetPlatform
[2018.01.28-01.13.16:169][  0]LogTemp: Display: Loaded TP WindowsTargetPlatform
[2018.01.28-01.13.16:230][  0]LogTemp: Display: Loaded TP Android_ASTCTargetPlatform
[2018.01.28-01.13.16:294][  0]LogTemp: Display: Loaded TP Android_ATCTargetPlatform
[2018.01.28-01.13.16:357][  0]LogTemp: Display: Loaded TP Android_DXTTargetPlatform
[2018.01.28-01.13.16:432][  0]LogTemp: Display: Loaded TP Android_ETC1TargetPlatform
[2018.01.28-01.13.16:498][  0]LogTemp: Display: Loaded TP Android_ETC2TargetPlatform
[2018.01.28-01.13.16:631][  0]LogTemp: Display: Loaded TP Android_MultiTargetPlatform
[2018.01.28-01.13.16:631][  0]LogTemp: Display: Loaded TP Android_PVRTCTargetPlatform
[2018.01.28-01.13.16:755][  0]LogTemp: Display: Loaded TP AndroidTargetPlatform
[2018.01.28-01.13.16:806][  0]LogTemp: Display: Loaded TP HTML5TargetPlatform
[2018.01.28-01.13.16:935][  0]LogTemp: Display: Loaded TP IOSTargetPlatform
[2018.01.28-01.13.16:960][  0]LogTemp: Display: Loaded TP TVOSTargetPlatform
[2018.01.28-01.13.17:009][  0]LogTemp: Display: Loaded TP LinuxClientTargetPlatform
[2018.01.28-01.13.17:076][  0]LogTemp: Display: Loaded TP LinuxNoEditorTargetPlatform
[2018.01.28-01.13.17:152][  0]LogTemp: Display: Loaded TP LinuxServerTargetPlatform
[2018.01.28-01.13.17:237][  0]LogTemp: Display: Loaded TP LinuxTargetPlatform
[2018.01.28-01.13.17:237][  0]LogTargetPlatformManager: Display: Building Assets For Windows
[2018.01.28-01.13.17:844][  0]LogDerivedDataCache: Display: Max Cache Size: 512 MB
[2018.01.28-01.13.17:942][  0]LogDerivedDataCache: Loaded boot cache 0.10s 78MB C:/Users/gd48juan/AppData/Local/UnrealEngine/4.18/DerivedDataCache/Boot.ddc.
[2018.01.28-01.13.17:942][  0]LogDerivedDataCache: Display: Loaded Boot cache: C:/Users/gd48juan/AppData/Local/UnrealEngine/4.18/DerivedDataCache/Boot.ddc
[2018.01.28-01.13.17:942][  0]LogDerivedDataCache: FDerivedDataBackendGraph:  Pak pak cache file ../../../../../../Users/gd48juan/Documents/GitHub/StandBy/GGJGame/DerivedDataCache/DDC.ddp not found, will not use a pak cache.
[2018.01.28-01.13.17:942][  0]LogDerivedDataCache: Unable to find inner node Pak for hierarchical cache Hierarchy.
[2018.01.28-01.13.17:943][  0]LogDerivedDataCache: FDerivedDataBackendGraph:  CompressedPak pak cache file ../../../../../../Users/gd48juan/Documents/GitHub/StandBy/GGJGame/DerivedDataCache/Compressed.ddp not found, will not use a pak cache.
[2018.01.28-01.13.17:943][  0]LogDerivedDataCache: Unable to find inner node CompressedPak for hierarchical cache Hierarchy.
[2018.01.28-01.13.17:965][  0]LogDerivedDataCache: Display: Pak cache opened for reading ../../../Engine/DerivedDataCache/Compressed.ddp.
[2018.01.28-01.13.17:977][  0]LogDerivedDataCache: Using Local data cache path C:/Users/gd48juan/AppData/Local/UnrealEngine/Common/DerivedDataCache: Writable
[2018.01.28-01.13.17:987][  0]LogMaterial: Verifying Global Shaders for PCD3D_SM5
[2018.01.28-01.13.17:987][  0]LogSlate: Using Freetype 2.6.0
[2018.01.28-01.13.17:990][  0]LogSlate: SlateFontCache - WITH_FREETYPE: 1, WITH_HARFBUZZ: 1
[2018.01.28-01.13.17:990][  0]LogSlate: SlateFontCache - WITH_FREETYPE: 1, WITH_HARFBUZZ: 1
[2018.01.28-01.13.18:355][  0]LogInit: Selected Device Profile: [Windows]
[2018.01.28-01.13.18:722][  0]LogSimplygon: Simplygon DLL not present - disabling.
[2018.01.28-01.13.18:771][  0]LogMeshReduction: Using SimplygonSwarm for distributed automatic mesh merging
[2018.01.28-01.13.18:771][  0]LogMeshReduction: Using QuadricMeshReduction for automatic static mesh reduction
[2018.01.28-01.13.18:771][  0]LogMeshReduction: No automatic skeletal mesh reduction module available
[2018.01.28-01.13.18:771][  0]LogMeshReduction: No automatic mesh merging module available
[2018.01.28-01.13.18:771][  0]LogMeshMerging: No automatic mesh merging module available
[2018.01.28-01.13.18:798][  0]LogNetVersion: GGJGame , NetCL: 3709383, EngineNetVer: 2, GameNetVer: 0 (Checksum: 2958741361)
[2018.01.28-01.13.18:952][  0]LogAssetRegistry: FAssetRegistry took 0.0249 seconds to start up
[2018.01.28-01.13.19:509][  0]LogPackageLocalizationCache: Processed 7 localized package path(s) for 2 prioritized culture(s) in 0.080939 seconds
[2018.01.28-01.13.19:515][  0]LogUObjectArray: 35871 objects as part of root set at end of initial load.
[2018.01.28-01.13.19:515][  0]LogUObjectAllocator: 7363928 out of 0 bytes used by permanent object pool.
[2018.01.28-01.13.19:515][  0]LogUObjectArray: CloseDisregardForGC: 0/0 objects in disregard for GC pool
[2018.01.28-01.13.19:583][  0]LogInit: WinSock: version 1.1 (2.2), MaxSocks=32767, MaxUdp=65467
[2018.01.28-01.13.23:059][  0]LogTcpMessaging: Initializing TcpMessaging bridge
[2018.01.28-01.13.23:108][  0]LogUdpMessaging: Initializing bridge on interface 0.0.0.0:0 to multicast group 230.0.0.1:6666.
[2018.01.28-01.13.23:894][  0]LogMaterial: Uniform references updated for custom material expression Custom.
[2018.01.28-01.13.24:347][  0]SourceControl: Source control is disabled
[2018.01.28-01.13.24:347][  0]SourceControl: Source control is disabled
[2018.01.28-01.13.24:409][  0]SourceControl: Source control is disabled
[2018.01.28-01.13.24:488][  0]SourceControl: Source control is disabled
[2018.01.28-01.13.25:500][  0]LogAndroidPermission: UAndroidPermissionCallbackProxy::GetInstance
[2018.01.28-01.13.25:843][  0]LogOcInput: OculusInput pre-init called
[2018.01.28-01.13.26:192][  0]LogEngine: Initializing Engine...
[2018.01.28-01.13.26:197][  0]LogHMD: Failed to initialize OpenVR with code 110
[2018.01.28-01.13.26:469][  0]LogStats: UGameplayTagsManager::ConstructGameplayTagTree: Construct from data asset -  0.000 s
[2018.01.28-01.13.26:470][  0]LogStats: UGameplayTagsManager::ConstructGameplayTagTree: GameplayTagTreeChangedEvent.Broadcast -  0.000 s
[2018.01.28-01.13.26:616][  0]LogAIModule: Creating AISystem for world Untitled
[2018.01.28-01.13.26:631][  0]LogInit: XAudio2 using 'Speakers (Realtek High Definition Audio)' : 2 channels at 48 kHz using 32 bits per sample (channel mask 0x3)
[2018.01.28-01.13.26:735][  0]LogInit: FAudioDevice initialized.
[2018.01.28-01.13.26:858][  0]LogDerivedDataCache: Saved boot cache 0.12s 78MB C:/Users/gd48juan/AppData/Local/UnrealEngine/4.18/DerivedDataCache/Boot.ddc.
[2018.01.28-01.13.26:867][  0]LogInit: Texture streaming: Enabled
[2018.01.28-01.13.27:003][  0]LogEngineSessionManager: EngineSessionManager initialized
[2018.01.28-01.13.27:137][  0]LogInit: Transaction tracking system initialized
[2018.01.28-01.13.27:487][  0]BlueprintLog: New page: Editor Load
[2018.01.28-01.13.28:507][  0]LocalizationService: Localization service is disabled
[2018.01.28-01.13.29:323][  0]LogConsoleResponse: Display: 
[2018.01.28-01.13.29:511][  0]LogCook: Display: Max memory allowance for cook 16384mb min free memory 0mb
[2018.01.28-01.13.29:511][  0]LogCook: Display: Mobile HDR setting 1
[2018.01.28-01.13.29:511][  0]LogGameplayTags: Display: UGameplayTagsManager::DoneAddingNativeTags. DelegateIsBound: 0
[2018.01.28-01.13.29:790][  0]LogFileCache: Scanning file cache for directory 'C:/Users/gd48juan/Documents/GitHub/StandBy/GGJGame/Content/' took 0.01s
[2018.01.28-01.13.30:854][  0]SourceControl: Source control is disabled
[2018.01.28-01.13.30:922][  0]LogSlate: Took 0.000223 seconds to synchronously load lazily loaded font '../../../Engine/Content/Slate/Fonts/Roboto-Regular.ttf' (155K)
[2018.01.28-01.13.43:137][  0]Cmd: MAP LOAD FILE="../../../../../../Users/gd48juan/Documents/GitHub/StandBy/GGJGame/Content/FirstPersonBP/Maps/FirstPersonExampleMap.umap" TEMPLATE=0 SHOWPROGRESS=1 FEATURELEVEL=3
[2018.01.28-01.13.43:138][  0]LightingResults: New page: Lighting Build
[2018.01.28-01.13.43:197][  0]MapCheck: New page: Map Check
[2018.01.28-01.13.43:197][  0]LightingResults: New page: Lighting Build
[2018.01.28-01.13.43:874][  0]LogAIModule: Creating AISystem for world FirstPersonExampleMap
[2018.01.28-01.13.43:892][  0]LogEditorServer: Finished looking for orphan Actors (0.000 secs)
[2018.01.28-01.13.43:905][  0]Cmd: MAP CHECKDEP NOCLEARLOG
[2018.01.28-01.13.43:966][  0]MapCheck: Map check complete: 0 Error(s), 0 Warning(s), took 60.748ms to complete.
[2018.01.28-01.13.43:966][  0]LogFileHelpers: Loading map 'FirstPersonExampleMap' took 0.829
[2018.01.28-01.13.44:045][  0]LogStats: Warning: MetaData mismatch. Did you assign a stat to two groups? New //STATGROUP_Threads//SplashScreenThread///Thread_8f0_0///####STATCAT_Advanced#### old //STATGROUP_Threads//SplashScreenThread///Thread_331c_0///####STATCAT_Advanced####
[2018.01.28-01.13.44:045][  0]LogCollectionManager: Loaded 0 collections in 0.002525 seconds
[2018.01.28-01.13.44:126][  0]LogFileCache: Scanning file cache for directory 'C:/Users/gd48juan/Documents/GitHub/StandBy/GGJGame/Saved/Collections/' took 0.01s
[2018.01.28-01.13.44:126][  0]LogFileCache: Scanning file cache for directory 'C:/Users/gd48juan/Documents/GitHub/StandBy/GGJGame/Content/Developers/gd48juan/Collections/' took 0.01s
[2018.01.28-01.13.44:126][  0]LogFileCache: Scanning file cache for directory 'C:/Users/gd48juan/Documents/GitHub/StandBy/GGJGame/Content/Collections/' took 0.01s
[2018.01.28-01.13.44:126][  0]LogCollectionManager: Rebuilt the GUID cache for 0 collections in 0.000000 seconds
[2018.01.28-01.13.44:135][  0]LogContentBrowser: Native class hierarchy populated in 0.0096 seconds. Added 2363 classes and 519 folders.
[2018.01.28-01.13.44:217][  0]LogContentBrowser: Native class hierarchy updated for 'WidgetCarousel' in 0.0002 seconds. Added 0 classes and 0 folders.
[2018.01.28-01.13.44:261][  0]LogContentBrowser: Native class hierarchy updated for 'AddContentDialog' in 0.0002 seconds. Added 0 classes and 0 folders.
[2018.01.28-01.13.44:309][  0]LogContentBrowser: Native class hierarchy updated for 'SceneOutliner' in 0.0002 seconds. Added 1 classes and 2 folders.
[2018.01.28-01.13.44:325][  0]LogSlate: Took 0.000216 seconds to synchronously load lazily loaded font '../../../Engine/Content/Slate/Fonts/Roboto-Bold.ttf' (160K)
[2018.01.28-01.13.44:329][  0]LogSlate: Took 0.000167 seconds to synchronously load lazily loaded font '../../../Engine/Content/Editor/Slate/Fonts/FontAwesome.ttf' (139K)
[2018.01.28-01.13.44:442][  0]LogRenderer: Reallocating scene render targets to support 1088x628 Format 10 NumSamples 1 (Frame:1).
[2018.01.28-01.13.44:496][  0]LogSlate: Took 0.000216 seconds to synchronously load lazily loaded font '../../../Engine/Content/Slate/Fonts/Roboto-Light.ttf' (159K)
[2018.01.28-01.13.44:634][  0]LogContentBrowser: Native class hierarchy updated for 'HierarchicalLODOutliner' in 0.0002 seconds. Added 1 classes and 2 folders.
[2018.01.28-01.13.44:634][  0]LogLoad: (Engine Initialization) Total time: 34.01 seconds
[2018.01.28-01.13.44:634][  0]LogLoad: (Engine Initialization) Total Blueprint compile time: 0.00 seconds
[2018.01.28-01.13.44:634][  0]LogExternalProfiler: Found external profiler: VSPerf
[2018.01.28-01.13.44:634][  0]LogExternalProfiler: Using external profiler: VSPerf
[2018.01.28-01.13.44:663][  0]LogContentStreaming: Texture pool size now 1000 MB
[2018.01.28-01.13.44:714][  1]LogAssetRegistry: Asset discovery search completed in 25.7828 seconds
[2018.01.28-01.13.44:717][  1]LogCollectionManager: Rebuilt the object cache for 0 collections in 0.000001 seconds (found 0 objects)
[2018.01.28-01.13.44:717][  1]LogCollectionManager: Fixed up redirectors for 0 collections in 0.000110 seconds (updated 0 objects)
[2018.01.28-01.13.45:671][ 81]LogSlate: Took 0.001940 seconds to synchronously load lazily loaded font '../../../Engine/Content/Slate/Fonts/Roboto-Light.ttf' (159K)
[2018.01.28-01.13.46:652][179]LogTemp: Repeating last play command: Selected Viewport
[2018.01.28-01.13.46:754][179]LogBlueprintUserMessages: Early PlayInEditor Detection: Level '/Game/FirstPersonBP/Maps/FirstPersonExampleMap.FirstPersonExampleMap:PersistentLevel' has LevelScriptBlueprint '/Game/FirstPersonBP/Maps/FirstPersonExampleMap.FirstPersonExampleMap:PersistentLevel.FirstPersonExampleMap' with GeneratedClass '/Game/FirstPersonBP/Maps/FirstPersonExampleMap.FirstPersonExampleMap_C' with ClassGeneratedBy '/Game/FirstPersonBP/Maps/FirstPersonExampleMap.FirstPersonExampleMap:PersistentLevel.FirstPersonExampleMap'
[2018.01.28-01.13.46:754][179]LogPlayLevel: PlayLevel: No blueprints needed recompiling
[2018.01.28-01.13.46:755][179]PIE: New page: PIE session: FirstPersonExampleMap (Jan 27, 2018, 9:13:46 AM)
[2018.01.28-01.13.46:755][179]LogPlayLevel: Creating play world package: /Game/FirstPersonBP/Maps/UEDPIE_0_FirstPersonExampleMap
[2018.01.28-01.13.46:789][179]LogPlayLevel: PIE: StaticDuplicateObject took: (0.034438s)
[2018.01.28-01.13.46:790][179]LogAIModule: Creating AISystem for world FirstPersonExampleMap
[2018.01.28-01.13.46:790][179]LogPlayLevel: PIE: World Init took: (0.000764s)
[2018.01.28-01.13.46:790][179]LogPlayLevel: PIE: Created PIE world by copying editor world from /Game/FirstPersonBP/Maps/FirstPersonExampleMap.FirstPersonExampleMap to /Game/FirstPersonBP/Maps/UEDPIE_0_FirstPersonExampleMap.FirstPersonExampleMap (0.035581s)
[2018.01.28-01.13.46:805][179]LogInit: XAudio2 using 'Speakers (Realtek High Definition Audio)' : 2 channels at 48 kHz using 32 bits per sample (channel mask 0x3)
[2018.01.28-01.13.46:812][179]LogInit: FAudioDevice initialized.
[2018.01.28-01.13.46:850][179]LogLoad: Game class is 'FirstPersonGameMode_C'
[2018.01.28-01.13.46:852][179]PIE: Warning: Invalid Simulate Options: Body (BP_CouchPhysics_342.CouchPreview 1M_Cube) is set to simulate physics but Collision Enabled is incompatible
[2018.01.28-01.13.46:852][179]PIE: Warning: Invalid Simulate Options: Body (BP_MovingObject_162.CouchPreview 1M_Cube) is set to simulate physics but Collision Enabled is incompatible
[2018.01.28-01.13.46:854][179]LogWorld: Bringing World /Game/FirstPersonBP/Maps/UEDPIE_0_FirstPersonExampleMap.FirstPersonExampleMap up for play (max tick rate 0) at 2018.01.27-17.13.46
[2018.01.28-01.13.46:855][179]LogWorld: Bringing up level for play took: 0.003645
[2018.01.28-01.13.46:899][179]LogContentBrowser: Native class hierarchy updated for 'MovieSceneCapture' in 0.0004 seconds. Added 11 classes and 0 folders.
[2018.01.28-01.13.46:901][179]PIE: Play in editor start time for /Game/FirstPersonBP/Maps/UEDPIE_0_FirstPersonExampleMap -0.468
[2018.01.28-01.13.46:901][179]LogBlueprintUserMessages: Late PlayInEditor Detection: Level '/Game/FirstPersonBP/Maps/FirstPersonExampleMap.FirstPersonExampleMap:PersistentLevel' has LevelScriptBlueprint '/Game/FirstPersonBP/Maps/FirstPersonExampleMap.FirstPersonExampleMap:PersistentLevel.FirstPersonExampleMap' with GeneratedClass '/Game/FirstPersonBP/Maps/FirstPersonExampleMap.FirstPersonExampleMap_C' with ClassGeneratedBy '/Game/FirstPersonBP/Maps/FirstPersonExampleMap.FirstPersonExampleMap:PersistentLevel.FirstPersonExampleMap'
[2018.01.28-01.13.48:706][384]PIE: Warning: SecondRobot.SkeletalMesh Idle has to have 'Simulate Physics' enabled if you'd like to AddImpulseAtLocation. 
[2018.01.28-01.13.50:356][582]PIE: Warning: Mobility of /Game/FirstPersonBP/Maps/UEDPIE_0_FirstPersonExampleMap.FirstPersonExampleMap:PersistentLevel.BigWall_21 : StaticMeshComponent0 has to be 'Movable' if you'd like to AddImpulseAtLocation. 
[2018.01.28-01.13.54:120][ 33]PIE: Warning: Mobility of /Game/FirstPersonBP/Maps/UEDPIE_0_FirstPersonExampleMap.FirstPersonExampleMap:PersistentLevel.Wall1_17 : StaticMeshComponent0 has to be 'Movable' if you'd like to AddImpulseAtLocation. 
[2018.01.28-01.13.54:680][100]LogBlueprintUserMessages: Early EndPlayMap Detection: Level '/Game/FirstPersonBP/Maps/FirstPersonExampleMap.FirstPersonExampleMap:PersistentLevel' has LevelScriptBlueprint '/Game/FirstPersonBP/Maps/FirstPersonExampleMap.FirstPersonExampleMap:PersistentLevel.FirstPersonExampleMap' with GeneratedClass '/Game/FirstPersonBP/Maps/FirstPersonExampleMap.FirstPersonExampleMap_C' with ClassGeneratedBy '/Game/FirstPersonBP/Maps/FirstPersonExampleMap.FirstPersonExampleMap:PersistentLevel.FirstPersonExampleMap'
[2018.01.28-01.13.54:712][100]LogBlueprintUserMessages: Late EndPlayMap Detection: Level '/Game/FirstPersonBP/Maps/FirstPersonExampleMap.FirstPersonExampleMap:PersistentLevel' has LevelScriptBlueprint '/Game/FirstPersonBP/Maps/FirstPersonExampleMap.FirstPersonExampleMap:PersistentLevel.FirstPersonExampleMap' with GeneratedClass '/Game/FirstPersonBP/Maps/FirstPersonExampleMap.FirstPersonExampleMap_C' with ClassGeneratedBy '/Game/FirstPersonBP/Maps/FirstPersonExampleMap.FirstPersonExampleMap:PersistentLevel.FirstPersonExampleMap'
[2018.01.28-01.13.55:848][212]LogSlate: Took 0.000160 seconds to synchronously load lazily loaded font '../../../Engine/Content/Slate/Fonts/Roboto-Light.ttf' (159K)
[2018.01.28-01.13.56:103][212]LogSavePackage: Save=212.19ms
[2018.01.28-01.13.56:103][212]LogSavePackage: Moving '../../../../../../Users/gd48juan/Documents/GitHub/StandBy/GGJGame/Saved/FirstPersonExampleMapD242E2CD48F299B0FD2B22AD1BB75CE8.tmp' to '../../../../../../Users/gd48juan/Documents/GitHub/StandBy/GGJGame/Content/FirstPersonBP/Maps/FirstPersonExampleMap.umap'
[2018.01.28-01.13.56:107][212]LogSavePackage: Display: Finished SavePackage ../../../../../../Users/gd48juan/Documents/GitHub/StandBy/GGJGame/Content/FirstPersonBP/Maps/FirstPersonExampleMap.umap
[2018.01.28-01.13.57:041][212]LogSlate: Took 0.000201 seconds to synchronously load lazily loaded font '../../../Engine/Content/Slate/Fonts/Roboto-Regular.ttf' (155K)
[2018.01.28-01.13.57:623][212]LogSavePackage: Save=1465.94ms
[2018.01.28-01.13.57:623][212]LogSavePackage: Moving '../../../../../../Users/gd48juan/Documents/GitHub/StandBy/GGJGame/Saved/FirstPersonExampleMap_BuiltData06138D59490CD54A8D62999E87FAEE4C.tmp' to '../../../../../../Users/gd48juan/Documents/GitHub/StandBy/GGJGame/Content/FirstPersonBP/Maps/FirstPersonExampleMap_BuiltData.uasset'
[2018.01.28-01.13.57:626][212]LogSavePackage: Display: Finished SavePackage ../../../../../../Users/gd48juan/Documents/GitHub/StandBy/GGJGame/Content/FirstPersonBP/Maps/FirstPersonExampleMap_BuiltData.uasset
[2018.01.28-01.13.58:959][368]LogTemp: Repeating last play command: Selected Viewport
[2018.01.28-01.13.58:973][368]LogBlueprintUserMessages: Early PlayInEditor Detection: Level '/Game/FirstPersonBP/Maps/FirstPersonExampleMap.FirstPersonExampleMap:PersistentLevel' has LevelScriptBlueprint '/Game/FirstPersonBP/Maps/FirstPersonExampleMap.FirstPersonExampleMap:PersistentLevel.FirstPersonExampleMap' with GeneratedClass '/Game/FirstPersonBP/Maps/FirstPersonExampleMap.FirstPersonExampleMap_C' with ClassGeneratedBy '/Game/FirstPersonBP/Maps/FirstPersonExampleMap.FirstPersonExampleMap:PersistentLevel.FirstPersonExampleMap'
[2018.01.28-01.13.58:974][368]LogPlayLevel: PlayLevel: No blueprints needed recompiling
[2018.01.28-01.13.58:974][368]PIE: New page: PIE session: FirstPersonExampleMap (Jan 27, 2018, 9:13:58 AM)
[2018.01.28-01.13.58:974][368]LogPlayLevel: Creating play world package: /Game/FirstPersonBP/Maps/UEDPIE_0_FirstPersonExampleMap
[2018.01.28-01.13.58:997][368]LogPlayLevel: PIE: StaticDuplicateObject took: (0.022834s)
[2018.01.28-01.13.58:998][368]LogAIModule: Creating AISystem for world FirstPersonExampleMap
[2018.01.28-01.13.58:998][368]LogPlayLevel: PIE: World Init took: (0.000828s)
[2018.01.28-01.13.58:998][368]LogPlayLevel: PIE: Created PIE world by copying editor world from /Game/FirstPersonBP/Maps/FirstPersonExampleMap.FirstPersonExampleMap to /Game/FirstPersonBP/Maps/UEDPIE_0_FirstPersonExampleMap.FirstPersonExampleMap (0.024049s)
[2018.01.28-01.13.59:009][368]LogInit: XAudio2 using 'Speakers (Realtek High Definition Audio)' : 2 channels at 48 kHz using 32 bits per sample (channel mask 0x3)
[2018.01.28-01.13.59:017][368]LogInit: FAudioDevice initialized.
[2018.01.28-01.13.59:043][368]LogLoad: Game class is 'FirstPersonGameMode_C'
[2018.01.28-01.13.59:045][368]PIE: Warning: Invalid Simulate Options: Body (BP_CouchPhysics_342.CouchPreview 1M_Cube) is set to simulate physics but Collision Enabled is incompatible
[2018.01.28-01.13.59:045][368]PIE: Warning: Invalid Simulate Options: Body (BP_MovingObject_162.CouchPreview 1M_Cube) is set to simulate physics but Collision Enabled is incompatible
[2018.01.28-01.13.59:047][368]LogWorld: Bringing World /Game/FirstPersonBP/Maps/UEDPIE_0_FirstPersonExampleMap.FirstPersonExampleMap up for play (max tick rate 0) at 2018.01.27-17.13.59
[2018.01.28-01.13.59:047][368]LogWorld: Bringing up level for play took: 0.003594
[2018.01.28-01.13.59:049][368]PIE: Play in editor start time for /Game/FirstPersonBP/Maps/UEDPIE_0_FirstPersonExampleMap -0.321
[2018.01.28-01.13.59:049][368]LogBlueprintUserMessages: Late PlayInEditor Detection: Level '/Game/FirstPersonBP/Maps/FirstPersonExampleMap.FirstPersonExampleMap:PersistentLevel' has LevelScriptBlueprint '/Game/FirstPersonBP/Maps/FirstPersonExampleMap.FirstPersonExampleMap:PersistentLevel.FirstPersonExampleMap' with GeneratedClass '/Game/FirstPersonBP/Maps/FirstPersonExampleMap.FirstPersonExampleMap_C' with ClassGeneratedBy '/Game/FirstPersonBP/Maps/FirstPersonExampleMap.FirstPersonExampleMap:PersistentLevel.FirstPersonExampleMap'
[2018.01.28-01.14.02:058][724]PIE: Warning: Mobility of /Game/FirstPersonBP/Maps/UEDPIE_0_FirstPersonExampleMap.FirstPersonExampleMap:PersistentLevel.Wall1_17 : StaticMeshComponent0 has to be 'Movable' if you'd like to AddImpulseAtLocation. 
[2018.01.28-01.14.05:959][192]PIE: Warning: Mobility of /Game/FirstPersonBP/Maps/UEDPIE_0_FirstPersonExampleMap.FirstPersonExampleMap:PersistentLevel.Wall1_17 : StaticMeshComponent0 has to be 'Movable' if you'd like to AddImpulseAtLocation. 
[2018.01.28-01.14.07:977][434]LogBlueprintUserMessages: Early EndPlayMap Detection: Level '/Game/FirstPersonBP/Maps/FirstPersonExampleMap.FirstPersonExampleMap:PersistentLevel' has LevelScriptBlueprint '/Game/FirstPersonBP/Maps/FirstPersonExampleMap.FirstPersonExampleMap:PersistentLevel.FirstPersonExampleMap' with GeneratedClass '/Game/FirstPersonBP/Maps/FirstPersonExampleMap.FirstPersonExampleMap_C' with ClassGeneratedBy '/Game/FirstPersonBP/Maps/FirstPersonExampleMap.FirstPersonExampleMap:PersistentLevel.FirstPersonExampleMap'
[2018.01.28-01.14.08:009][434]LogBlueprintUserMessages: Late EndPlayMap Detection: Level '/Game/FirstPersonBP/Maps/FirstPersonExampleMap.FirstPersonExampleMap:PersistentLevel' has LevelScriptBlueprint '/Game/FirstPersonBP/Maps/FirstPersonExampleMap.FirstPersonExampleMap:PersistentLevel.FirstPersonExampleMap' with GeneratedClass '/Game/FirstPersonBP/Maps/FirstPersonExampleMap.FirstPersonExampleMap_C' with ClassGeneratedBy '/Game/FirstPersonBP/Maps/FirstPersonExampleMap.FirstPersonExampleMap:PersistentLevel.FirstPersonExampleMap'
[2018.01.28-01.14.09:506][558]LogSavePackage: Save=236.24ms
[2018.01.28-01.14.09:506][558]LogSavePackage: Moving '../../../../../../Users/gd48juan/Documents/GitHub/StandBy/GGJGame/Saved/FirstPersonExampleMap560C3C554C8AD02EC336E2B34F176724.tmp' to '../../../../../../Users/gd48juan/Documents/GitHub/StandBy/GGJGame/Content/FirstPersonBP/Maps/FirstPersonExampleMap.umap'
[2018.01.28-01.14.09:511][558]LogSavePackage: Display: Finished SavePackage ../../../../../../Users/gd48juan/Documents/GitHub/StandBy/GGJGame/Content/FirstPersonBP/Maps/FirstPersonExampleMap.umap
[2018.01.28-01.14.10:462][558]LogSavePackage: Save=922.06ms
[2018.01.28-01.14.10:462][558]LogSavePackage: Moving '../../../../../../Users/gd48juan/Documents/GitHub/StandBy/GGJGame/Saved/FirstPersonExampleMap_BuiltDataF02B8B91478E808FEDABD08C7B80BFE9.tmp' to '../../../../../../Users/gd48juan/Documents/GitHub/StandBy/GGJGame/Content/FirstPersonBP/Maps/FirstPersonExampleMap_BuiltData.uasset'
[2018.01.28-01.14.10:466][558]LogSavePackage: Display: Finished SavePackage ../../../../../../Users/gd48juan/Documents/GitHub/StandBy/GGJGame/Content/FirstPersonBP/Maps/FirstPersonExampleMap_BuiltData.uasset
[2018.01.28-01.14.33:501][949]LogTexture: Display: Building textures: Reactor2_initialShadingGroup_Roughness (AutoDXT, 2048X2048)
[2018.01.28-01.14.33:502][949]LogTexture: Display: Building textures: Reactor2_initialShadingGroup_Metallic (AutoDXT, 2048X2048)
[2018.01.28-01.14.33:502][949]LogTexture: Display: Building textures: Reactor2_initialShadingGroup_BaseColor (AutoDXT, 2048X2048)
[2018.01.28-01.14.33:502][949]LogTexture: Display: Building textures: Reactor2_initialShadingGroup_Normal (BC5, 2048X2048)
[2018.01.28-01.14.33:502][949]LogMaterial: Missing cached shader map for material Reactor, compiling. 
[2018.01.28-01.14.33:561][949]LogStaticMesh: Building static mesh Reactor2...
[2018.01.28-01.14.33:738][949]LogStaticMesh: Built static mesh [0.18s] /Game/Geometry/Meshes/Reactor/Reactor2.Reactor2
[2018.01.28-01.14.33:779][949]LogActorFactory: Actor Factory created Reactor2
[2018.01.28-01.14.35:326][129]LogActorFactory: Actor Factory created Reactor2
[2018.01.28-01.14.42:520][928]Cmd: SELECT NONE
[2018.01.28-01.14.53:077][131]LogEditorViewport: Clicking on Actor (LMB): StaticMeshActor (Reactor2)
[2018.01.28-01.14.53:721][196]Cmd: DELETE
[2018.01.28-01.14.53:721][196]Cmd: ACTOR DELETE
[2018.01.28-01.14.53:724][196]LogEditorActor: Deleted Actor: StaticMeshActor
[2018.01.28-01.14.53:733][196]LogEditorActor: Deleted 1 Actors (0.012 secs)
[2018.01.28-01.15.01:213][ 78]LogSlate: Took 0.000145 seconds to synchronously load lazily loaded font '../../../Engine/Content/Editor/Slate/Fonts/DroidSansMono.ttf' (77K)
[2018.01.28-01.15.24:253][678]LogContentBrowser: Native class hierarchy updated for 'BlueprintGraph' in 0.0006 seconds. Added 116 classes and 0 folders.
[2018.01.28-01.15.24:991][679]LogRenderer: Reallocating scene render targets to support 1088x720 Format 10 NumSamples 1 (Frame:1).
[2018.01.28-01.15.35:320][533]LogRenderer: Reallocating scene render targets to support 1088x808 Format 10 NumSamples 1 (Frame:855).
[2018.01.28-01.15.39:321][938]LogSlate: Took 0.000219 seconds to synchronously load lazily loaded font '../../../Engine/Content/Editor/Slate/Fonts/Roboto-Italic.ttf' (157K)
[2018.01.28-01.15.49:053][773]LogTexture: Display: Building textures: ReactorTarget_initialShadingGroup_Metallic (AutoDXT, 1024X1024)
[2018.01.28-01.15.49:053][773]LogTexture: Display: Building textures: ReactorTarget_initialShadingGroup_BaseColor (AutoDXT, 1024X1024)
[2018.01.28-01.15.49:053][773]LogTexture: Display: Building textures: ReactorTarget_initialShadingGroup_Normal (BC5, 1024X1024)
[2018.01.28-01.15.49:053][773]LogTexture: Display: Building textures: ReactorTarget_initialShadingGroup_Roughness (AutoDXT, 1024X1024)
[2018.01.28-01.15.49:054][773]LogStaticMesh: Building static mesh ReactorTarget...
[2018.01.28-01.15.49:074][773]LogStaticMesh: Built static mesh [0.02s] /Game/Geometry/Meshes/Reactor/ReactorTarget.ReactorTarget
[2018.01.28-01.15.49:081][773]LogMaterial: Missing cached shader map for material ReactorTarget, compiling. 
[2018.01.28-01.17.08:519][786]LogSlate: Took 0.002587 seconds to synchronously load lazily loaded font '../../../Engine/Content/Editor/Slate/Fonts/Roboto-BoldCondensed.ttf' (158K)
[2018.01.28-01.18.05:893][714]LogSavePackage: Save=16.20ms
[2018.01.28-01.18.05:894][714]LogSavePackage: Moving '../../../../../../Users/gd48juan/Documents/GitHub/StandBy/GGJGame/Saved/BP_ReactorPannel567FDBDB4E089FBA77BE2E95C19643E8.tmp' to '../../../../../../Users/gd48juan/Documents/GitHub/StandBy/GGJGame/Content/FirstPersonBP/Blueprints/BP_ReactorPannel.uasset'
[2018.01.28-01.18.05:898][714]LogSavePackage: Display: Finished SavePackage ../../../../../../Users/gd48juan/Documents/GitHub/StandBy/GGJGame/Content/FirstPersonBP/Blueprints/BP_ReactorPannel.uasset
[2018.01.28-01.19.14:625][777]LogSavePackage: Save=21.70ms
[2018.01.28-01.19.14:625][777]LogSavePackage: Moving '../../../../../../Users/gd48juan/Documents/GitHub/StandBy/GGJGame/Saved/BP_ReactorPannelBE5ACFB04206F6BBE9205081356DBDE7.tmp' to '../../../../../../Users/gd48juan/Documents/GitHub/StandBy/GGJGame/Content/FirstPersonBP/Blueprints/BP_ReactorPannel.uasset'
[2018.01.28-01.19.14:628][777]LogSavePackage: Display: Finished SavePackage ../../../../../../Users/gd48juan/Documents/GitHub/StandBy/GGJGame/Content/FirstPersonBP/Blueprints/BP_ReactorPannel.uasset
[2018.01.28-01.19.21:085][480]LogEditorViewport: Clicking on Actor (LMB): BP_DoorTrigger_C (BP_DoorTrigger2)
[2018.01.28-01.19.24:088][806]LogEditorViewport: Clicking on Actor (LMB): StaticMeshActor (Wall3)
[2018.01.28-01.19.24:993][908]LogEditorViewport: Clicking on Actor (LMB): StaticMeshActor (Wall3)
[2018.01.28-01.19.25:421][956]LogEditorViewport: Clicking on Actor (LMB): StaticMeshActor (Wall3)
[2018.01.28-01.19.25:908][ 11]LogEditorViewport: Clicking on Actor (LMB): BP_DoorTrigger_C (BP_DoorTrigger2)
[2018.01.28-01.20.51:408][ 83]LogSlate: Took 0.002053 seconds to synchronously load lazily loaded font '../../../Engine/Content/Editor/Slate/Fonts/Roboto-BoldCondensedItalic.ttf' (160K)
[2018.01.28-01.21.00:169][628]LogClass: Warning: Property StartPosition of StartPosition has a struct type mismatch (tag Vector != prop Rotator) in package:  FObjectReader. If that struct got renamed, add an entry to ActiveStructRedirects.
[2018.01.28-01.22.00:242][339]LogClass: Warning: Property MoveAmout of MoveAmout has a struct type mismatch (tag Vector != prop Rotator) in package:  FObjectReader. If that struct got renamed, add an entry to ActiveStructRedirects.
[2018.01.28-01.22.43:027][749]LogSavePackage: Save=53.06ms
[2018.01.28-01.22.43:027][749]LogSavePackage: Moving '../../../../../../Users/gd48juan/Documents/GitHub/StandBy/GGJGame/Saved/BP_DoorTrigger7A990EF7428B401A802628B8B55071C7.tmp' to '../../../../../../Users/gd48juan/Documents/GitHub/StandBy/GGJGame/Content/FirstPersonBP/Blueprints/BP_DoorTrigger.uasset'
[2018.01.28-01.22.43:031][749]LogSavePackage: Display: Finished SavePackage ../../../../../../Users/gd48juan/Documents/GitHub/StandBy/GGJGame/Content/FirstPersonBP/Blueprints/BP_DoorTrigger.uasset
[2018.01.28-01.22.46:429][ 17]LogSavePackage: Save=56.14ms
[2018.01.28-01.22.46:429][ 17]LogSavePackage: Moving '../../../../../../Users/gd48juan/Documents/GitHub/StandBy/GGJGame/Saved/BP_DoorTrigger743182164135508BD3A3BE9D723817D9.tmp' to '../../../../../../Users/gd48juan/Documents/GitHub/StandBy/GGJGame/Content/FirstPersonBP/Blueprints/BP_DoorTrigger.uasset'
[2018.01.28-01.22.46:435][ 17]LogSavePackage: Display: Finished SavePackage ../../../../../../Users/gd48juan/Documents/GitHub/StandBy/GGJGame/Content/FirstPersonBP/Blueprints/BP_DoorTrigger.uasset
[2018.01.28-01.22.47:765][ 82]LogSavePackage: Save=295.44ms
[2018.01.28-01.22.47:765][ 82]LogSavePackage: Moving '../../../../../../Users/gd48juan/Documents/GitHub/StandBy/GGJGame/Saved/FirstPersonExampleMapF8856A7342CF3AE2504FB6A1B9BA1166.tmp' to '../../../../../../Users/gd48juan/Documents/GitHub/StandBy/GGJGame/Content/FirstPersonBP/Maps/FirstPersonExampleMap.umap'
[2018.01.28-01.22.47:769][ 82]LogSavePackage: Display: Finished SavePackage ../../../../../../Users/gd48juan/Documents/GitHub/StandBy/GGJGame/Content/FirstPersonBP/Maps/FirstPersonExampleMap.umap
[2018.01.28-01.22.47:795][ 82]LogFileHelpers: Saving map 'FirstPersonExampleMap' took 0.438
[2018.01.28-01.23.17:194][657]LogBlueprint: Error: [Compiler BP_DoorTrigger_2] In use pin  Start Position  no longer exists on node  Get . Please refresh node or break links to remove pin.
[2018.01.28-01.23.17:288][657]LogBlueprint: Warning: [Compiler BP_DoorTrigger_2] [0606.63] Compile of BP_DoorTrigger_2 failed. 1 Fatal Issue(s) 0 Warning(s) [in 99 ms] (/Game/FirstPersonBP/Blueprints/BP_DoorTrigger_2.BP_DoorTrigger_2)
[2018.01.28-01.23.17:289][657]LogClass: Warning: Property StartPosition of StartPosition has a struct type mismatch (tag Vector != prop Rotator) in package:  FObjectReader. If that struct got renamed, add an entry to ActiveStructRedirects.
[2018.01.28-01.23.17:289][657]LogClass: Warning: Property MoveAmout of MoveAmout has a struct type mismatch (tag Vector != prop Rotator) in package:  FObjectReader. If that struct got renamed, add an entry to ActiveStructRedirects.
[2018.01.28-01.23.17:309][657]LogBlueprint: Error: [Compiler BP_DoorTrigger_2] In use pin  Start Position  no longer exists on node  Get . Please refresh node or break links to remove pin.
[2018.01.28-01.23.17:311][657]LogBlueprint: Warning: [Compiler BP_DoorTrigger_2] [0606.65] Compile of BP_DoorTrigger_2 failed. 1 Fatal Issue(s) 0 Warning(s) [in 14 ms] (/Game/FirstPersonBP/Blueprints/BP_DoorTrigger_2.BP_DoorTrigger_2)
[2018.01.28-01.25.21:764][269]LogActorComponent: UnregisterComponent: (/Engine/Transient.EditorFloorComp) Not registered. Aborting.
[2018.01.28-01.25.21:836][269]LogActorComponent: UnregisterComponent: (/Engine/Transient.EditorFloorComp) Not registered. Aborting.
[2018.01.28-01.25.41:666][177]LogBlueprint: Error: [Compiler BP_RotateTrigger] In use pin  Start Position  no longer exists on node  Get . Please refresh node or break links to remove pin.
[2018.01.28-01.25.41:669][177]LogClass: Warning: Property StartPosition of StartPosition has a struct type mismatch (tag Vector != prop Rotator) in package:  FObjectReader. If that struct got renamed, add an entry to ActiveStructRedirects.
[2018.01.28-01.25.41:670][177]LogClass: Warning: Property MoveAmout of MoveAmout has a struct type mismatch (tag Vector != prop Rotator) in package:  FObjectReader. If that struct got renamed, add an entry to ActiveStructRedirects.
[2018.01.28-01.25.41:672][177]LogBlueprint: Warning: [Compiler BP_RotateTrigger] [0751.01] Compile of BP_RotateTrigger failed. 1 Fatal Issue(s) 0 Warning(s) [in 21 ms] (/Game/FirstPersonBP/Blueprints/BP_RotateTrigger.BP_RotateTrigger)
[2018.01.28-01.25.41:672][177]LogClass: Warning: Property MoveAmout of MoveAmout has a struct type mismatch (tag Vector != prop Rotator) in package:  FObjectReader. If that struct got renamed, add an entry to ActiveStructRedirects.
[2018.01.28-01.25.42:247][177]LogMetaData: Removing '/Game/FirstPersonBP/Blueprints/BP_RotateTrigger.BP_RotateTrigger:UserConstructionScript.K2Node_FunctionEntry_0' ref from Metadata '/Game/FirstPersonBP/Blueprints/BP_DoorTrigger.PackageMetaData'
[2018.01.28-01.25.42:247][177]LogMetaData: Removing '/Game/FirstPersonBP/Blueprints/BP_RotateTrigger.BP_RotateTrigger_C' ref from Metadata '/Game/FirstPersonBP/Blueprints/BP_DoorTrigger.PackageMetaData'
[2018.01.28-01.25.42:247][177]LogMetaData: Removing '/Game/FirstPersonBP/Blueprints/BP_RotateTrigger.SKEL_BP_RotateTrigger_C' ref from Metadata '/Game/FirstPersonBP/Blueprints/BP_DoorTrigger.PackageMetaData'
[2018.01.28-01.25.42:363][177]LogSavePackage: Save=66.40ms
[2018.01.28-01.25.42:363][177]LogSavePackage: Moving '../../../../../../Users/gd48juan/Documents/GitHub/StandBy/GGJGame/Saved/BP_RotateTriggerD54A9F854747B0B0B4E7B88A50E91B94.tmp' to '../../../../../../Users/gd48juan/Documents/GitHub/StandBy/GGJGame/Content/FirstPersonBP/Blueprints/BP_RotateTrigger.uasset'
[2018.01.28-01.25.42:367][177]LogSavePackage: Display: Finished SavePackage ../../../../../../Users/gd48juan/Documents/GitHub/StandBy/GGJGame/Content/FirstPersonBP/Blueprints/BP_RotateTrigger.uasset
[2018.01.28-01.25.42:383][177]LogSavePackage: Save=1.37ms
[2018.01.28-01.25.42:383][177]LogSavePackage: Moving '../../../../../../Users/gd48juan/Documents/GitHub/StandBy/GGJGame/Saved/BP_DoorTrigger81EB235D4634E86F6AD58E8260C72C3F.tmp' to '../../../../../../Users/gd48juan/Documents/GitHub/StandBy/GGJGame/Content/FirstPersonBP/Blueprints/BP_DoorTrigger.uasset'
[2018.01.28-01.25.42:386][177]LogSavePackage: Display: Finished SavePackage ../../../../../../Users/gd48juan/Documents/GitHub/StandBy/GGJGame/Content/FirstPersonBP/Blueprints/BP_DoorTrigger.uasset
[2018.01.28-01.27.43:505][ 74]Cmd: DELETE
[2018.01.28-01.27.43:505][ 74]Cmd: ACTOR DELETE
[2018.01.28-01.27.43:508][ 74]LogEditorActor: Deleted Actor: BP_RotateTrigger_C
[2018.01.28-01.27.43:526][ 74]LogEditorActor: Deleted 1 Actors (0.021 secs)
[2018.01.28-01.28.16:188][171]LogSavePackage: Save=179.99ms
[2018.01.28-01.28.16:188][171]LogSavePackage: Moving '../../../../../../Users/gd48juan/Documents/GitHub/StandBy/GGJGame/Saved/FirstPersonCharacterA02FE8EB4CF3A72B2B2CBA8688F5F61D.tmp' to '../../../../../../Users/gd48juan/Documents/GitHub/StandBy/GGJGame/Content/FirstPersonBP/Blueprints/FirstPersonCharacter.uasset'
[2018.01.28-01.28.16:194][171]LogSavePackage: Display: Finished SavePackage ../../../../../../Users/gd48juan/Documents/GitHub/StandBy/GGJGame/Content/FirstPersonBP/Blueprints/FirstPersonCharacter.uasset
[2018.01.28-01.28.16:580][171]LogSavePackage: Save=265.17ms
[2018.01.28-01.28.16:580][171]LogSavePackage: Moving '../../../../../../Users/gd48juan/Documents/GitHub/StandBy/GGJGame/Saved/FirstPersonExampleMap82912AC94536465BBE778E9D0F41325D.tmp' to '../../../../../../Users/gd48juan/Documents/GitHub/StandBy/GGJGame/Content/FirstPersonBP/Maps/FirstPersonExampleMap.umap'
[2018.01.28-01.28.16:586][171]LogSavePackage: Display: Finished SavePackage ../../../../../../Users/gd48juan/Documents/GitHub/StandBy/GGJGame/Content/FirstPersonBP/Maps/FirstPersonExampleMap.umap
[2018.01.28-01.28.16:612][171]LogFileHelpers: Saving map 'FirstPersonExampleMap' took 0.414
[2018.01.28-01.28.16:893][172]Cmd: QUIT_EDITOR
[2018.01.28-01.28.16:923][172]LogExit: Preparing to exit.
[2018.01.28-01.28.17:225][172]LogDirectoryWatcher: A directory notification failed for 'C:/Users/gd48juan/Documents/GitHub/StandBy/GGJGame/Content/', and we were unable to create a new request.
[2018.01.28-01.28.17:254][172]LogExit: Editor shut down
[2018.01.28-01.28.17:257][172]LogExit: Transaction tracking system shut down
[2018.01.28-01.28.17:447][172]LogDirectoryWatcher: A directory notification for '../../../Engine/Content/' was aborted.
[2018.01.28-01.28.17:448][172]LogDirectoryWatcher: A directory notification for '../../../../../../Users/gd48juan/Documents/GitHub/StandBy/GGJGame/Content/' was aborted.
[2018.01.28-01.28.17:448][172]LogDirectoryWatcher: A directory notification for '../../../Engine/Plugins/2D/Paper2D/Content/' was aborted.
[2018.01.28-01.28.17:448][172]LogDirectoryWatcher: A directory notification for '../../../Engine/Plugins/Media/MediaCompositing/Content/' was aborted.
[2018.01.28-01.28.17:448][172]LogDirectoryWatcher: A directory notification for '../../../Engine/Plugins/Runtime/AppleARKit/Content/' was aborted.
[2018.01.28-01.28.17:448][172]LogDirectoryWatcher: A directory notification for '../../../Engine/Plugins/Runtime/Oculus/OculusVR/Content/' was aborted.
[2018.01.28-01.28.17:448][172]LogDirectoryWatcher: A directory notification for '../../../Engine/Plugins/Runtime/Steam/SteamVR/Content/' was aborted.
[2018.01.28-01.28.17:617][172]LogExit: Object subsystem successfully closed.
[2018.01.28-01.28.17:638][172]LogD3D11RHI: Shutdown
[2018.01.28-01.28.17:638][172]LogD3D11RHI: CleanupD3DDevice
[2018.01.28-01.28.17:641][172]LogD3D11RHI: ~FD3D11DynamicRHI
[2018.01.28-01.28.17:658][172]LogModuleManager: Shutting down and abandoning module HierarchicalLODUtilities (554)
[2018.01.28-01.28.17:658][172]LogModuleManager: Shutting down and abandoning module BlueprintGraph (552)
[2018.01.28-01.28.17:658][172]LogModuleManager: Shutting down and abandoning module MovieSceneCapture (550)
[2018.01.28-01.28.17:658][172]LogModuleManager: Shutting down and abandoning module HierarchicalLODOutliner (548)
[2018.01.28-01.28.17:658][172]LogModuleManager: Shutting down and abandoning module SceneOutliner (546)
[2018.01.28-01.28.17:658][172]LogModuleManager: Shutting down and abandoning module AddContentDialog (544)
[2018.01.28-01.28.17:658][172]LogDirectoryWatcher: A directory notification for 'C:/Program Files/Epic Games/UE_4.18/FeaturePacks/' was aborted.
[2018.01.28-01.28.17:658][172]LogModuleManager: Shutting down and abandoning module WidgetCarousel (543)
[2018.01.28-01.28.17:659][172]LogModuleManager: Shutting down and abandoning module EditorWidgets (540)
[2018.01.28-01.28.17:659][172]LogModuleManager: Shutting down and abandoning module CollectionManager (538)
[2018.01.28-01.28.17:659][172]LogDirectoryWatcher: A directory notification for 'C:/Users/gd48juan/Documents/GitHub/StandBy/GGJGame/Content/Collections/' was aborted.
[2018.01.28-01.28.17:659][172]LogDirectoryWatcher: A directory notification for 'C:/Users/gd48juan/Documents/GitHub/StandBy/GGJGame/Content/Developers/gd48juan/Collections/' was aborted.
[2018.01.28-01.28.17:659][172]LogDirectoryWatcher: A directory notification for 'C:/Users/gd48juan/Documents/GitHub/StandBy/GGJGame/Saved/Collections/' was aborted.
[2018.01.28-01.28.17:659][172]LogModuleManager: Shutting down and abandoning module StatsViewer (536)
[2018.01.28-01.28.17:659][172]LogModuleManager: Shutting down and abandoning module FoliageEdit (534)
[2018.01.28-01.28.17:659][172]LogModuleManager: Shutting down and abandoning module LandscapeEditor (532)
[2018.01.28-01.28.17:659][172]LogModuleManager: Shutting down and abandoning module MeshPaintMode (530)
[2018.01.28-01.28.17:659][172]LogModuleManager: Shutting down and abandoning module SceneDepthPickerMode (528)
[2018.01.28-01.28.17:659][172]LogModuleManager: Shutting down and abandoning module ActorPickerMode (526)
[2018.01.28-01.28.17:659][172]LogModuleManager: Shutting down and abandoning module GeometryMode (524)
[2018.01.28-01.28.17:659][172]LogModuleManager: Shutting down and abandoning module TextureAlignMode (522)
[2018.01.28-01.28.17:659][172]LogModuleManager: Shutting down and abandoning module BspMode (520)
[2018.01.28-01.28.17:659][172]LogModuleManager: Shutting down and abandoning module PIEPreviewDeviceProfileSelector (518)
[2018.01.28-01.28.17:659][172]LogModuleManager: Shutting down and abandoning module HardwareSurvey (516)
[2018.01.28-01.28.17:659][172]LogModuleManager: Shutting down and abandoning module SequenceRecorderSections (514)
[2018.01.28-01.28.17:659][172]LogModuleManager: Shutting down and abandoning module AutomationWorker (512)
[2018.01.28-01.28.17:659][172]LogModuleManager: Shutting down and abandoning module MatineeToLevelSequence (510)
[2018.01.28-01.28.17:659][172]LogModuleManager: Shutting down and abandoning module LevelSequenceEditor (508)
[2018.01.28-01.28.17:659][172]LogModuleManager: Shutting down and abandoning module PlacementMode (507)
[2018.01.28-01.28.17:659][172]LogModuleManager: Shutting down and abandoning module WmfMediaFactory (504)
[2018.01.28-01.28.17:659][172]LogModuleManager: Shutting down and abandoning module WmfMediaEditor (502)
[2018.01.28-01.28.17:659][172]LogModuleManager: Shutting down and abandoning module OpenExrWrapper (500)
[2018.01.28-01.28.17:659][172]LogModuleManager: Shutting down and abandoning module ImgMediaFactory (498)
[2018.01.28-01.28.17:659][172]LogModuleManager: Shutting down and abandoning module ImgMediaEditor (496)
[2018.01.28-01.28.17:659][172]LogModuleManager: Shutting down and abandoning module AvfMediaFactory (494)
[2018.01.28-01.28.17:659][172]LogModuleManager: Shutting down and abandoning module AvfMediaEditor (492)
[2018.01.28-01.28.17:659][172]LogModuleManager: Shutting down and abandoning module AndroidMediaFactory (490)
[2018.01.28-01.28.17:659][172]LogModuleManager: Shutting down and abandoning module AndroidMediaEditor (488)
[2018.01.28-01.28.17:659][172]LogModuleManager: Shutting down and abandoning module CharacterAI (486)
[2018.01.28-01.28.17:659][172]LogModuleManager: Shutting down and abandoning module AudioCapture (484)
[2018.01.28-01.28.17:659][172]LogModuleManager: Shutting down and abandoning module SequenceRecorder (483)
[2018.01.28-01.28.17:659][172]LogModuleManager: Shutting down and abandoning module SmartSnapping (480)
[2018.01.28-01.28.17:659][172]LogModuleManager: Shutting down and abandoning module SessionServices (478)
[2018.01.28-01.28.17:659][172]LogModuleManager: Shutting down and abandoning module ViewportSnapping (476)
[2018.01.28-01.28.17:660][172]LogModuleManager: Shutting down and abandoning module ViewportInteraction (474)
[2018.01.28-01.28.17:660][172]LogModuleManager: Shutting down and abandoning module ClothPainter (472)
[2018.01.28-01.28.17:660][172]LogModuleManager: Shutting down and abandoning module SkeletalMeshEditor (471)
[2018.01.28-01.28.17:660][172]LogModuleManager: Shutting down and abandoning module LogVisualizer (468)
[2018.01.28-01.28.17:660][172]LogModuleManager: Shutting down and abandoning module IntroTutorials (466)
[2018.01.28-01.28.17:660][172]LogModuleManager: Shutting down and abandoning module GameProjectGeneration (465)
[2018.01.28-01.28.17:660][172]LogModuleManager: Shutting down and abandoning module IOSPlatformEditor (462)
[2018.01.28-01.28.17:660][172]LogModuleManager: Shutting down and abandoning module HTML5PlatformEditor (460)
[2018.01.28-01.28.17:660][172]LogModuleManager: Shutting down and abandoning module AndroidPlatformEditor (458)
[2018.01.28-01.28.17:660][172]LogModuleManager: Shutting down and abandoning module AndroidDeviceDetection (457)
[2018.01.28-01.28.18:033][172]LogModuleManager: Shutting down and abandoning module WindowsPlatformEditor (454)
[2018.01.28-01.28.18:034][172]LogModuleManager: Shutting down and abandoning module IOSRuntimeSettings (452)
[2018.01.28-01.28.18:034][172]LogModuleManager: Shutting down and abandoning module AndroidRuntimeSettings (450)
[2018.01.28-01.28.18:034][172]LogModuleManager: Shutting down and abandoning module InputBindingEditor (448)
[2018.01.28-01.28.18:034][172]LogModuleManager: Shutting down and abandoning module MergeActors (446)
[2018.01.28-01.28.18:034][172]LogModuleManager: Shutting down and abandoning module SizeMap (444)
[2018.01.28-01.28.18:034][172]LogModuleManager: Shutting down and abandoning module TreeMap (442)
[2018.01.28-01.28.18:034][172]LogModuleManager: Shutting down and abandoning module ReferenceViewer (440)
[2018.01.28-01.28.18:034][172]LogModuleManager: Shutting down and abandoning module LocalizationDashboard (438)
[2018.01.28-01.28.18:034][172]LogModuleManager: Shutting down and abandoning module LocalizationService (437)
[2018.01.28-01.28.18:034][172]LogModuleManager: Shutting down and abandoning module HardwareTargeting (434)
[2018.01.28-01.28.18:034][172]LogModuleManager: Shutting down and abandoning module DeviceProfileEditor (432)
[2018.01.28-01.28.18:034][172]LogModuleManager: Shutting down and abandoning module UndoHistory (430)
[2018.01.28-01.28.18:034][172]LogModuleManager: Shutting down and abandoning module XmlParser (428)
[2018.01.28-01.28.18:034][172]LogModuleManager: Shutting down and abandoning module Blutility (426)
[2018.01.28-01.28.18:034][172]LogModuleManager: Shutting down and abandoning module ProjectSettingsViewer (424)
[2018.01.28-01.28.18:034][172]LogModuleManager: Shutting down and abandoning module ProjectTargetPlatformEditor (423)
[2018.01.28-01.28.18:034][172]LogModuleManager: Shutting down and abandoning module EditorSettingsViewer (420)
[2018.01.28-01.28.18:035][172]LogModuleManager: Shutting down and abandoning module SettingsEditor (418)
[2018.01.28-01.28.18:035][172]LogModuleManager: Shutting down and abandoning module ProjectLauncher (416)
[2018.01.28-01.28.18:035][172]LogModuleManager: Shutting down and abandoning module SessionFrontend (414)
[2018.01.28-01.28.18:035][172]LogModuleManager: Shutting down and abandoning module ProfilerClient (412)
[2018.01.28-01.28.18:035][172]LogModuleManager: Shutting down and abandoning module DeviceManager (410)
[2018.01.28-01.28.18:035][172]LogModuleManager: Shutting down and abandoning module TargetDeviceServices (409)
[2018.01.28-01.28.18:085][172]LogModuleManager: Shutting down and abandoning module AutomationController (406)
[2018.01.28-01.28.18:085][172]LogModuleManager: Shutting down and abandoning module AutomationWindow (404)
[2018.01.28-01.28.18:085][172]LogModuleManager: Shutting down and abandoning module Layers (402)
[2018.01.28-01.28.18:085][172]LogModuleManager: Shutting down and abandoning module ComponentVisualizers (400)
[2018.01.28-01.28.18:085][172]LogModuleManager: Shutting down and abandoning module DetailCustomizations (398)
[2018.01.28-01.28.18:085][172]LogModuleManager: Shutting down and abandoning module PackagesDialog (396)
[2018.01.28-01.28.18:085][172]LogModuleManager: Shutting down and abandoning module Persona (394)
[2018.01.28-01.28.18:085][172]LogModuleManager: Shutting down and abandoning module AdvancedPreviewScene (393)
[2018.01.28-01.28.18:085][172]LogModuleManager: Shutting down and abandoning module AnimGraph (391)
[2018.01.28-01.28.18:085][172]LogModuleManager: Shutting down and abandoning module Kismet (388)
[2018.01.28-01.28.18:101][172]LogModuleManager: Shutting down and abandoning module ClassViewer (386)
[2018.01.28-01.28.18:102][172]LogModuleManager: Shutting down and abandoning module Toolbox (384)
[2018.01.28-01.28.18:102][172]LogModuleManager: Shutting down and abandoning module ModuleUI (382)
[2018.01.28-01.28.18:102][172]LogModuleManager: Shutting down and abandoning module MovieSceneTools (380)
[2018.01.28-01.28.18:102][172]LogModuleManager: Shutting down and abandoning module OutputLog (378)
[2018.01.28-01.28.18:102][172]LogModuleManager: Shutting down and abandoning module GammaUI (376)
[2018.01.28-01.28.18:102][172]LogModuleManager: Shutting down and abandoning module Documentation (374)
[2018.01.28-01.28.18:102][172]LogModuleManager: Shutting down and abandoning module MovieSceneTracks (372)
[2018.01.28-01.28.18:102][172]LogModuleManager: Shutting down and abandoning module MovieScene (370)
[2018.01.28-01.28.18:103][172]LogModuleManager: Shutting down and abandoning module StreamingPauseRendering (368)
[2018.01.28-01.28.18:103][172]LogModuleManager: Shutting down and abandoning module LauncherPlatform (366)
[2018.01.28-01.28.18:103][172]LogModuleManager: Shutting down and abandoning module AnalyticsET (364)
[2018.01.28-01.28.18:103][172]LogModuleManager: Shutting down and abandoning module PortalServices (362)
[2018.01.28-01.28.18:103][172]LogModuleManager: Shutting down and abandoning module PortalRpc (360)
[2018.01.28-01.28.18:103][172]LogModuleManager: Shutting down and abandoning module MessagingRpc (358)
[2018.01.28-01.28.18:103][172]LogModuleManager: Shutting down and abandoning module AIModule (356)
[2018.01.28-01.28.18:103][172]LogModuleManager: Shutting down and abandoning module GameplayDebugger (355)
[2018.01.28-01.28.18:103][172]LogModuleManager: Shutting down and abandoning module AITestSuite (353)
[2018.01.28-01.28.18:103][172]LogModuleManager: Shutting down and abandoning module DesktopPlatform (350)
[2018.01.28-01.28.18:103][172]LogModuleManager: Shutting down and abandoning module ProfilerService (348)
[2018.01.28-01.28.18:251][172]LogModuleManager: Shutting down and abandoning module TaskGraph (346)
[2018.01.28-01.28.18:251][172]LogModuleManager: Shutting down and abandoning module SteamVRController (344)
[2018.01.28-01.28.18:252][172]LogModuleManager: Shutting down and abandoning module ProceduralMeshComponentEditor (342)
[2018.01.28-01.28.18:252][172]LogModuleManager: Shutting down and abandoning module ProceduralMeshComponent (340)
[2018.01.28-01.28.18:252][172]LogModuleManager: Shutting down and abandoning module OculusInput (338)
[2018.01.28-01.28.18:252][172]LogModuleManager: Shutting down and abandoning module MobilePatchingUtils (336)
[2018.01.28-01.28.18:252][172]LogModuleManager: Shutting down and abandoning module CustomMeshComponent (334)
[2018.01.28-01.28.18:252][172]LogModuleManager: Shutting down and abandoning module CableComponent (332)
[2018.01.28-01.28.18:252][172]LogModuleManager: Shutting down and abandoning module ArchVisCharacter (330)
[2018.01.28-01.28.18:252][172]LogModuleManager: Shutting down and abandoning module AndroidPermission (328)
[2018.01.28-01.28.18:252][172]LogModuleManager: Shutting down and abandoning module ActorSequence (324)
[2018.01.28-01.28.18:252][172]LogModuleManager: Shutting down and abandoning module MediaPlayerEditor (322)
[2018.01.28-01.28.18:252][172]LogModuleManager: Shutting down and abandoning module MediaCompositingEditor (320)
[2018.01.28-01.28.18:252][172]LogModuleManager: Shutting down and abandoning module MediaCompositing (318)
[2018.01.28-01.28.18:252][172]LogModuleManager: Shutting down and abandoning module HTML5Networking (316)
[2018.01.28-01.28.18:252][172]LogModuleManager: Shutting down and abandoning module AlembicImporter (314)
[2018.01.28-01.28.18:252][172]LogModuleManager: Shutting down and abandoning module AlembicLibrary (313)
[2018.01.28-01.28.18:252][172]LogModuleManager: Shutting down and abandoning module GeometryCache (312)
[2018.01.28-01.28.18:252][172]LogModuleManager: Shutting down and abandoning module GeometryCacheEd (311)
[2018.01.28-01.28.18:252][172]LogModuleManager: Shutting down and abandoning module SpeedTreeImporter (306)
[2018.01.28-01.28.18:252][172]LogModuleManager: Shutting down and abandoning module PluginBrowser (304)
[2018.01.28-01.28.18:252][172]LogModuleManager: Shutting down and abandoning module MobileLauncherProfileWizard (302)
[2018.01.28-01.28.18:252][172]LogModuleManager: Shutting down and abandoning module VisualStudioSourceCodeAccess (300)
[2018.01.28-01.28.18:252][172]LogModuleManager: Shutting down and abandoning module VisualStudioCodeSourceCodeAccess (298)
[2018.01.28-01.28.18:252][172]LogModuleManager: Shutting down and abandoning module UObjectPlugin (296)
[2018.01.28-01.28.18:252][172]LogModuleManager: Shutting down and abandoning module SubversionSourceControl (294)
[2018.01.28-01.28.18:253][172]LogModuleManager: Shutting down and abandoning module PerforceSourceControl (292)
[2018.01.28-01.28.18:253][172]LogModuleManager: Shutting down and abandoning module GitSourceControl (290)
[2018.01.28-01.28.18:253][172]LogModuleManager: Shutting down and abandoning module SourceControl (289)
[2018.01.28-01.28.18:253][172]LogModuleManager: Shutting down and abandoning module LightPropagationVolumeEditor (286)
[2018.01.28-01.28.18:253][172]LogModuleManager: Shutting down and abandoning module PaperTiledImporter (284)
[2018.01.28-01.28.18:253][172]LogModuleManager: Shutting down and abandoning module PaperSpriteSheetImporter (282)
[2018.01.28-01.28.18:253][172]LogModuleManager: Shutting down and abandoning module Paper2DEditor (280)
[2018.01.28-01.28.18:253][172]LogModuleManager: Shutting down and abandoning module MeshPaint (279)
[2018.01.28-01.28.18:253][172]LogModuleManager: Shutting down and abandoning module LevelEditor (277)
[2018.01.28-01.28.18:254][172]LogModuleManager: Shutting down and abandoning module PixelInspectorModule (276)
[2018.01.28-01.28.18:254][172]LogModuleManager: Shutting down and abandoning module MainFrame (274)
[2018.01.28-01.28.18:255][172]LogModuleManager: Shutting down and abandoning module HotReload (273)
[2018.01.28-01.28.18:256][172]LogModuleManager: Shutting down and abandoning module RuntimePhysXCooking (268)
[2018.01.28-01.28.18:256][172]LogModuleManager: Shutting down and abandoning module PhysXVehiclesEditor (266)
[2018.01.28-01.28.18:256][172]LogModuleManager: Shutting down and abandoning module PhysXVehicles (264)
[2018.01.28-01.28.18:256][172]LogModuleManager: Shutting down and abandoning module OculusEditor (262)
[2018.01.28-01.28.18:256][172]LogModuleManager: Shutting down and abandoning module LocationServicesBPLibrary (260)
[2018.01.28-01.28.18:256][172]LogModuleManager: Shutting down and abandoning module ImmediatePhysicsEditor (258)
[2018.01.28-01.28.18:256][172]LogModuleManager: Shutting down and abandoning module ImmediatePhysics (256)
[2018.01.28-01.28.18:256][172]LogModuleManager: Shutting down and abandoning module UdpMessaging (254)
[2018.01.28-01.28.18:356][172]LogModuleManager: Shutting down and abandoning module TcpMessaging (252)
[2018.01.28-01.28.18:456][172]LogModuleManager: Shutting down and abandoning module GameplayTagsEditor (250)
[2018.01.28-01.28.18:456][172]LogModuleManager: Shutting down and abandoning module FacialAnimationEditor (248)
[2018.01.28-01.28.18:456][172]LogModuleManager: Shutting down and abandoning module FacialAnimation (246)
[2018.01.28-01.28.18:456][172]LogModuleManager: Shutting down and abandoning module AssetManagerEditor (244)
[2018.01.28-01.28.18:456][172]LogModuleManager: Shutting down and abandoning module GraphEditor (243)
[2018.01.28-01.28.18:456][172]LogModuleManager: Shutting down and abandoning module ContentBrowser (241)
[2018.01.28-01.28.18:457][172]LogModuleManager: Shutting down and abandoning module LightPropagationVolumeRuntime (238)
[2018.01.28-01.28.18:457][172]LogModuleManager: Shutting down and abandoning module Paper2D (236)
[2018.01.28-01.28.18:457][172]LogModuleManager: Shutting down and abandoning module WindowsMoviePlayer (234)
[2018.01.28-01.28.18:458][172]LogModuleManager: Shutting down and abandoning module WmfMedia (232)
[2018.01.28-01.28.18:459][172]LogModuleManager: Shutting down and abandoning module ImgMedia (230)
[2018.01.28-01.28.18:459][172]LogModuleManager: Shutting down and abandoning module PacketHandler (228)
[2018.01.28-01.28.18:459][172]LogModuleManager: Shutting down and abandoning module ClothingSystemEditor (226)
[2018.01.28-01.28.18:459][172]LogModuleManager: Shutting down and abandoning module ClothingSystemRuntime (224)
[2018.01.28-01.28.18:460][172]LogModuleManager: Shutting down and abandoning module MediaAssets (222)
[2018.01.28-01.28.18:460][172]LogModuleManager: Shutting down and abandoning module Media (221)
[2018.01.28-01.28.18:465][172]LogModuleManager: Shutting down and abandoning module Overlay (218)
[2018.01.28-01.28.18:465][172]LogModuleManager: Shutting down and abandoning module OverlayEditor (217)
[2018.01.28-01.28.18:465][172]LogModuleManager: Shutting down and abandoning module VREditor (214)
[2018.01.28-01.28.18:466][172]LogModuleManager: Shutting down and abandoning module StringTableEditor (212)
[2018.01.28-01.28.18:466][172]LogModuleManager: Shutting down and abandoning module GameplayTasksEditor (210)
[2018.01.28-01.28.18:466][172]LogModuleManager: Shutting down and abandoning module BehaviorTreeEditor (208)
[2018.01.28-01.28.18:466][172]LogModuleManager: Shutting down and abandoning module FunctionalTesting (206)
[2018.01.28-01.28.18:466][172]LogModuleManager: Shutting down and abandoning module CollisionAnalyzer (204)
[2018.01.28-01.28.18:466][172]LogModuleManager: Shutting down and abandoning module WorkspaceMenuStructure (203)
[2018.01.28-01.28.18:466][172]LogModuleManager: Shutting down and abandoning module UMG (200)
[2018.01.28-01.28.18:466][172]LogModuleManager: Shutting down and abandoning module UMGEditor (199)
[2018.01.28-01.28.18:466][172]LogModuleManager: Shutting down and abandoning module Sequencer (198)
[2018.01.28-01.28.18:466][172]LogModuleManager: Shutting down and abandoning module MessageLog (195)
[2018.01.28-01.28.18:466][172]LogModuleManager: Shutting down and abandoning module SlateReflector (190)
[2018.01.28-01.28.18:466][172]LogModuleManager: Shutting down and abandoning module Slate (188)
[2018.01.28-01.28.18:466][172]LogModuleManager: Shutting down and abandoning module EditorStyle (186)
[2018.01.28-01.28.18:469][172]LogModuleManager: Shutting down and abandoning module MRMesh (184)
[2018.01.28-01.28.18:469][172]LogModuleManager: Shutting down and abandoning module SourceCodeAccess (182)
[2018.01.28-01.28.18:469][172]LogModuleManager: Shutting down and abandoning module HeadMountedDisplay (180)
[2018.01.28-01.28.18:469][172]LogModuleManager: Shutting down and abandoning module XAudio2 (178)
[2018.01.28-01.28.18:469][172]LogModuleManager: Shutting down and abandoning module Networking (176)
[2018.01.28-01.28.18:469][172]LogModuleManager: Shutting down and abandoning module Core (172)
[2018.01.28-01.28.18:470][172]LogModuleManager: Shutting down and abandoning module LevelSequence (168)
[2018.01.28-01.28.18:470][172]LogModuleManager: Shutting down and abandoning module DirectoryWatcher (166)
[2018.01.28-01.28.18:471][172]LogModuleManager: Shutting down and abandoning module KismetCompiler (164)
[2018.01.28-01.28.18:471][172]LogModuleManager: Shutting down and abandoning module MeshUtilities (162)
[2018.01.28-01.28.18:471][172]LogModuleManager: Shutting down and abandoning module MeshMergeUtilities (161)
[2018.01.28-01.28.18:471][172]LogModuleManager: Shutting down and abandoning module MeshReductionInterface (160)
[2018.01.28-01.28.18:471][172]LogModuleManager: Shutting down and abandoning module SimplygonSwarm (159)
[2018.01.28-01.28.18:471][172]LogModuleManager: Shutting down and abandoning module SimplygonMeshReduction (157)
[2018.01.28-01.28.18:471][172]LogModuleManager: Shutting down and abandoning module QuadricMeshReduction (155)
[2018.01.28-01.28.18:471][172]LogModuleManager: Shutting down and abandoning module MaterialBaking (151)
[2018.01.28-01.28.18:471][172]LogModuleManager: Shutting down and abandoning module DerivedDataCache (148)
[2018.01.28-01.28.18:525][172]LogDerivedDataCache: Shutdown
[2018.01.28-01.28.18:525][172]LogModuleManager: Shutting down and abandoning module TargetPlatform (146)
[2018.01.28-01.28.18:525][172]LogModuleManager: Shutting down and abandoning module VulkanShaderFormat (145)
[2018.01.28-01.28.18:525][172]LogModuleManager: Shutting down and abandoning module ShaderFormatVectorVM (143)
[2018.01.28-01.28.18:525][172]LogModuleManager: Shutting down and abandoning module ShaderFormatOpenGL (141)
[2018.01.28-01.28.18:525][172]LogModuleManager: Shutting down and abandoning module ShaderFormatD3D (139)
[2018.01.28-01.28.18:525][172]LogModuleManager: Shutting down and abandoning module MetalShaderFormat (137)
[2018.01.28-01.28.18:525][172]LogModuleManager: Shutting down and abandoning module TextureFormatUncompressed (135)
[2018.01.28-01.28.18:526][172]LogModuleManager: Shutting down and abandoning module TextureFormatPVR (133)
[2018.01.28-01.28.18:526][172]LogModuleManager: Shutting down and abandoning module TextureFormatDXT (131)
[2018.01.28-01.28.18:526][172]LogModuleManager: Shutting down and abandoning module TextureFormatIntelISPCTexComp (129)
[2018.01.28-01.28.18:526][172]LogModuleManager: Shutting down and abandoning module TextureFormatASTC (127)
[2018.01.28-01.28.18:526][172]LogModuleManager: Shutting down and abandoning module ImageWrapper (126)
[2018.01.28-01.28.18:526][172]LogModuleManager: Shutting down and abandoning module TextureFormatAndroid (123)
[2018.01.28-01.28.18:526][172]LogModuleManager: Shutting down and abandoning module AudioFormatOpus (121)
[2018.01.28-01.28.18:526][172]LogModuleManager: Shutting down and abandoning module AudioFormatOgg (119)
[2018.01.28-01.28.18:526][172]LogModuleManager: Shutting down and abandoning module AudioFormatADPCM (117)
[2018.01.28-01.28.18:526][172]LogModuleManager: Shutting down and abandoning module LinuxTargetPlatform (115)
[2018.01.28-01.28.18:526][172]LogModuleManager: Shutting down and abandoning module LinuxServerTargetPlatform (113)
[2018.01.28-01.28.18:526][172]LogModuleManager: Shutting down and abandoning module LinuxNoEditorTargetPlatform (111)
[2018.01.28-01.28.18:526][172]LogModuleManager: Shutting down and abandoning module LinuxClientTargetPlatform (109)
[2018.01.28-01.28.18:526][172]LogModuleManager: Shutting down and abandoning module TVOSTargetPlatform (107)
[2018.01.28-01.28.18:526][172]LogModuleManager: Shutting down and abandoning module Messaging (105)
[2018.01.28-01.28.18:526][172]LogModuleManager: Shutting down and abandoning module IOSTargetPlatform (103)
[2018.01.28-01.28.18:526][172]LogModuleManager: Shutting down and abandoning module HTML5TargetPlatform (101)
[2018.01.28-01.28.18:526][172]LogModuleManager: Shutting down and abandoning module AndroidTargetPlatform (99)
[2018.01.28-01.28.18:526][172]LogModuleManager: Shutting down and abandoning module Android_PVRTCTargetPlatform (97)
[2018.01.28-01.28.18:526][172]LogModuleManager: Shutting down and abandoning module Android_MultiTargetPlatform (95)
[2018.01.28-01.28.18:526][172]LogModuleManager: Shutting down and abandoning module Android_ETC2TargetPlatform (93)
[2018.01.28-01.28.18:526][172]LogModuleManager: Shutting down and abandoning module Android_ETC1TargetPlatform (91)
[2018.01.28-01.28.18:526][172]LogModuleManager: Shutting down and abandoning module Android_DXTTargetPlatform (89)
[2018.01.28-01.28.18:526][172]LogModuleManager: Shutting down and abandoning module Android_ATCTargetPlatform (87)
[2018.01.28-01.28.18:526][172]LogModuleManager: Shutting down and abandoning module Android_ASTCTargetPlatform (85)
[2018.01.28-01.28.18:526][172]LogModuleManager: Shutting down and abandoning module WindowsTargetPlatform (83)
[2018.01.28-01.28.18:526][172]LogModuleManager: Shutting down and abandoning module WindowsServerTargetPlatform (81)
[2018.01.28-01.28.18:526][172]LogModuleManager: Shutting down and abandoning module WindowsNoEditorTargetPlatform (79)
[2018.01.28-01.28.18:526][172]LogModuleManager: Shutting down and abandoning module WindowsClientTargetPlatform (77)
[2018.01.28-01.28.18:526][172]LogModuleManager: Shutting down and abandoning module MacTargetPlatform (75)
[2018.01.28-01.28.18:526][172]LogModuleManager: Shutting down and abandoning module MacServerTargetPlatform (73)
[2018.01.28-01.28.18:526][172]LogModuleManager: Shutting down and abandoning module MacNoEditorTargetPlatform (71)
[2018.01.28-01.28.18:526][172]LogModuleManager: Shutting down and abandoning module MacClientTargetPlatform (69)
[2018.01.28-01.28.18:526][172]LogModuleManager: Shutting down and abandoning module AllDesktopTargetPlatform (67)
[2018.01.28-01.28.18:526][172]LogModuleManager: Shutting down and abandoning module InputCore (64)
[2018.01.28-01.28.18:526][172]LogModuleManager: Shutting down and abandoning module Settings (62)
[2018.01.28-01.28.18:526][172]LogModuleManager: Shutting down and abandoning module PhysXCooking (60)
[2018.01.28-01.28.18:527][172]LogModuleManager: Shutting down and abandoning module SteamVR (58)
[2018.01.28-01.28.18:527][172]LogModuleManager: Shutting down and abandoning module OculusHMD (56)
[2018.01.28-01.28.18:527][172]LogModuleManager: Shutting down and abandoning module ExampleDeviceProfileSelector (54)
[2018.01.28-01.28.18:527][172]LogModuleManager: Shutting down and abandoning module AppleARKit (52)
[2018.01.28-01.28.18:527][172]LogModuleManager: Shutting down and abandoning module AugmentedReality (51)
[2018.01.28-01.28.18:527][172]LogModuleManager: Shutting down and abandoning module OnlineBlueprintSupport (48)
[2018.01.28-01.28.18:527][172]LogModuleManager: Shutting down and abandoning module OnlineSubsystem (44)
[2018.01.28-01.28.18:527][172]LogModuleManager: Shutting down and abandoning module XMPP (43)
[2018.01.28-01.28.18:527][172]LogModuleManager: Shutting down and abandoning module HTTP (41)
[2018.01.28-01.28.18:527][172]LogHttp: Display: Http module shutting down, but needs to wait on 1 outstanding Http requests:
[2018.01.28-01.28.18:527][172]LogHttp: Display: 	verb=[POST] url=[https://datarouter.ol.epicgames.com/datarouter/api/v1/public/data?SessionID=%7B9F6AA9E5-4B14-6B96-191D-91A5C077904C%7D&AppID=UEEditor.Rocket.Release&AppVersion=4.18.3-3832480%2B%2B%2BUE4%2BRelease-4.18&UserID=7b4f661648c1644dff8902b299cdf5c2%7C1bd4ba51549245f6a56545c784cc40a7%7C2c65be58-017c-4bac-b80f-4df828d5bca4&AppEnvironment=datacollector-binary&UploadType=eteventstream] status=Processing
[2018.01.28-01.28.18:555][172]LogModuleManager: Shutting down and abandoning module SSL (40)
[2018.01.28-01.28.18:556][172]LogModuleManager: Shutting down and abandoning module AnimationModifiers (36)
[2018.01.28-01.28.18:556][172]LogModuleManager: Shutting down and abandoning module PropertyEditor (35)
[2018.01.28-01.28.18:556][172]LogModuleManager: Shutting down and abandoning module AudioEditor (32)
[2018.01.28-01.28.18:556][172]LogModuleManager: Shutting down and abandoning module TextureCompressor (30)
[2018.01.28-01.28.18:556][172]LogModuleManager: Shutting down and abandoning module ShaderCore (28)
[2018.01.28-01.28.18:556][172]LogModuleManager: Shutting down and abandoning module Landscape (26)
[2018.01.28-01.28.18:556][172]LogModuleManager: Shutting down and abandoning module SlateRHIRenderer (24)
[2018.01.28-01.28.18:558][172]LogModuleManager: Shutting down and abandoning module OpenGLDrv (22)
[2018.01.28-01.28.18:558][172]LogModuleManager: Shutting down and abandoning module D3D11RHI (20)
[2018.01.28-01.28.18:558][172]LogModuleManager: Shutting down and abandoning module AnimGraphRuntime (18)
[2018.01.28-01.28.18:558][172]LogModuleManager: Shutting down and abandoning module Renderer (16)
[2018.01.28-01.28.18:558][172]LogModuleManager: Shutting down and abandoning module Engine (14)
[2018.01.28-01.28.18:558][172]LogModuleManager: Shutting down and abandoning module CoreUObject (12)
[2018.01.28-01.28.18:558][172]LogModuleManager: Shutting down and abandoning module NetworkFile (10)
[2018.01.28-01.28.18:558][172]LogModuleManager: Shutting down and abandoning module CookedIterativeFile (8)
[2018.01.28-01.28.18:558][172]LogModuleManager: Shutting down and abandoning module StreamingFile (6)
[2018.01.28-01.28.18:558][172]LogModuleManager: Shutting down and abandoning module SandboxFile (4)
[2018.01.28-01.28.18:558][172]LogModuleManager: Shutting down and abandoning module PakFile (2)
[2018.01.28-01.28.18:563][172]LogExit: Exiting.
[2018.01.28-01.28.18:584][172]Log file closed, 01/27/18 17:28:18
